\BOOKMARK [1][-]{section*.1}{\376\377\006\206\006\251\006\314\006\057\006\107}{}% 1
\BOOKMARK [1][-]{section*.3}{\376\377\006\176\006\314\006\064\040\014\006\257\006\101\006\052\006\047\006\061}{}% 2
\BOOKMARK [0][-]{chapter.1}{\376\377\006\105\006\102\006\057\006\105\006\107}{}% 3
\BOOKMARK [1][-]{section*.4}{\376\377\006\050\006\314\006\047\006\106\000\040\006\105\006\063\006\046\006\104\006\107}{chapter.1}% 4
\BOOKMARK [1][-]{section*.5}{\376\377\006\064\006\251\006\047\006\101\040\014\006\107\006\047\006\314\000\040\006\176\006\230\006\110\006\107\006\064\006\314}{chapter.1}% 5
\BOOKMARK [1][-]{section*.6}{\376\377\006\061\006\110\006\064\000\040\006\176\006\314\006\064\006\106\006\107\006\047\006\057\006\314}{chapter.1}% 6
\BOOKMARK [1][-]{section*.7}{\376\377\006\057\006\063\006\052\006\047\006\110\006\061\006\057\006\107\006\047}{chapter.1}% 7
\BOOKMARK [1][-]{section*.8}{\376\377\006\106\006\052\006\047\006\314\006\054\000\040\006\047\006\050\006\052\006\057\006\047\006\314\006\314}{chapter.1}% 8
\BOOKMARK [0][-]{chapter.2}{\376\377\006\105\006\061\006\110\006\061\006\314\000\040\006\050\006\061\000\040\006\251\006\047\006\061\006\107\006\047\006\314\000\040\006\176\006\314\006\064\006\314\006\106}{}% 9
\BOOKMARK [1][-]{section*.10}{\376\377\006\047\006\067\006\104\006\047\006\071\006\047\006\052\000\040\006\110\000\040\006\105\006\055\006\047\006\063\006\050\006\047\006\052\000\040\006\251\006\104\006\047\006\063\006\314\006\251}{chapter.2}% 10
\BOOKMARK [2][-]{section*.11}{\376\377\006\052\006\251\006\047\006\105\006\104\000\040\006\052\006\047\006\061\006\314\006\056\006\314\000\040\006\105\006\055\006\047\006\063\006\050\006\047\006\052}{section*.10}% 11
\BOOKMARK [2][-]{section*.12}{\376\377\006\105\006\101\006\047\006\107\006\314\006\105\000\040\006\050\006\106\006\314\006\047\006\057\006\314\000\040\006\057\006\061\000\040\006\105\006\055\006\047\006\063\006\050\006\047\006\052\000\040\006\251\006\104\006\047\006\063\006\314\006\251}{section*.10}% 12
\BOOKMARK [2][-]{section*.16}{\376\377\006\050\006\061\006\257\006\064\006\052\040\014\006\176\006\060\006\314\006\061\006\314\000\040\006\110\000\040\006\054\006\047\006\105\006\071\006\314\006\052\040\014\006\176\006\060\006\314\006\061\006\314\000\040\006\105\006\055\006\047\006\063\006\050\006\047\006\052}{section*.10}% 13
\BOOKMARK [2][-]{section*.18}{\376\377\006\052\006\065\006\055\006\314\006\055\000\040\006\056\006\067\006\047\000\040\006\110\000\040\006\176\006\314\006\206\006\314\006\057\006\257\006\314\000\040\006\105\006\055\006\047\006\063\006\050\006\047\006\052\006\314}{section*.10}% 14
\BOOKMARK [2][-]{section*.22}{\376\377\006\106\006\102\006\064\000\040\006\105\006\055\006\047\006\063\006\050\006\047\006\052\000\040\006\251\006\104\006\047\006\063\006\314\006\251\000\040\006\057\006\061\000\040\006\105\006\055\006\047\006\063\006\050\006\047\006\052\000\040\006\251\006\110\006\047\006\106\006\052\006\110\006\105\006\314}{section*.10}% 15
\BOOKMARK [1][-]{section*.23}{\376\377\006\047\006\067\006\104\006\047\006\071\006\047\006\052\000\040\006\110\000\040\006\105\006\055\006\047\006\063\006\050\006\047\006\052\000\040\006\251\006\110\006\047\006\106\006\052\006\110\006\105\006\314}{chapter.2}% 16
\BOOKMARK [2][-]{section*.24}{\376\377\006\105\006\071\006\061\006\101\006\314\000\040\006\047\006\067\006\104\006\047\006\071\006\047\006\052\000\040\006\251\006\110\006\047\006\106\006\052\006\110\006\105\006\314}{section*.23}% 17
\BOOKMARK [2][-]{section*.25}{\376\377\006\251\006\314\006\110\006\050\006\314\006\052\040\014\006\107\006\047\000\040\006\110\000\040\006\055\006\047\006\104\006\052\040\014\006\107\006\047\006\314\000\040\006\251\006\110\006\047\006\106\006\052\006\110\006\105\006\314}{section*.23}% 18
\BOOKMARK [2][-]{section*.26}{\376\377\006\047\006\106\006\057\006\047\006\062\006\107\040\014\006\257\006\314\006\061\006\314\000\040\006\110\000\040\006\047\006\065\006\104\000\040\006\106\006\047\006\176\006\314\006\110\006\063\006\052\006\257\006\314}{section*.23}% 19
\BOOKMARK [2][-]{section*.27}{\376\377\006\057\006\061\006\107\006\105\040\014\006\052\006\106\006\314\006\057\006\257\006\314\000\040\006\251\006\110\006\047\006\106\006\052\006\110\006\105\006\314}{section*.23}% 20
\BOOKMARK [2][-]{section*.29}{\376\377\006\052\006\065\006\055\006\314\006\055\000\040\006\056\006\067\006\047\006\314\000\040\006\251\006\110\006\047\006\106\006\052\006\110\006\105\006\314}{section*.23}% 21
\BOOKMARK [1][-]{section*.32}{\376\377\006\052\006\055\006\104\006\314\006\104\000\040\006\052\006\067\006\050\006\314\006\102\006\314\000:\000\040\006\105\006\055\006\047\006\063\006\050\006\047\006\052\000\040\006\251\006\104\006\047\006\063\006\314\006\251\000\040\006\057\006\061\000\040\006\105\006\102\006\047\006\050\006\104\000\040\006\251\006\110\006\047\006\106\006\052\006\110\006\105\006\314}{chapter.2}% 22
\BOOKMARK [2][-]{section*.33}{\376\377\006\050\006\107\006\050\006\110\006\057\000\040\006\176\006\314\006\206\006\314\006\057\006\257\006\314\000\040\006\057\006\061\000\040\006\105\006\057\006\104\000\040\006\251\006\110\006\047\006\106\006\052\006\110\006\105\006\314}{section*.32}% 23
\BOOKMARK [2][-]{section*.34}{\376\377\006\206\006\047\006\104\006\064\040\014\006\107\006\047\006\314\000\040\006\105\006\055\006\047\006\063\006\050\006\047\006\052\000\040\006\251\006\110\006\047\006\106\006\052\006\110\006\105\006\314}{section*.32}% 24
\BOOKMARK [1][-]{section*.35}{\376\377\006\064\006\050\006\314\006\107\040\014\006\063\006\047\006\062\006\107\006\047\006\314\000\040\006\105\006\057\006\047\006\061\000\040\006\251\006\110\006\047\006\106\006\052\006\110\006\105\006\314}{chapter.2}% 25
\BOOKMARK [2][-]{section*.36}{\376\377\006\064\006\050\006\314\006\107\040\014\006\063\006\047\006\062\006\107\006\047\006\314\000\040\006\105\006\050\006\052\006\106\006\314\000\040\006\050\006\061\000\040\000S\000c\000h\000r\000\366\000d\000i\000n\000g\000e\000r}{section*.35}% 26
\BOOKMARK [2][-]{section*.42}{\376\377\006\064\006\050\006\314\006\107\040\014\006\063\006\047\006\062\006\107\006\047\006\314\000\040\006\052\006\061\006\251\006\314\006\050\006\314\000\040\000S\000c\000h\000r\000\366\000d\000i\000n\000g\000e\000r\000-\000F\000e\000y\000n\000m\000a\000n}{section*.35}% 27
\BOOKMARK [2][-]{section*.46}{\376\377\006\064\006\050\006\314\006\107\040\014\006\063\006\047\006\062\006\107\006\047\006\314\000\040\006\105\006\050\006\052\006\106\006\314\000\040\006\050\006\061\000\040\000H\000e\000i\000s\000e\000n\000b\000e\000r\000g}{section*.35}% 28
\BOOKMARK [2][-]{section*.49}{\376\377\006\105\006\102\006\047\006\314\006\063\006\107\000\040\006\105\006\057\006\104\040\014\006\107\006\047\006\314\000\040\006\105\006\056\006\052\006\104\006\101\000\040\006\064\006\050\006\314\006\107\040\014\006\063\006\047\006\062\006\314}{section*.35}% 29
\BOOKMARK [1][-]{section*.52}{\376\377\006\061\006\110\006\064\040\014\006\107\006\047\006\314\000\040\006\105\006\055\006\251}{chapter.2}% 30
\BOOKMARK [1][-]{section*.57}{\376\377\006\206\006\257\006\110\006\106\006\257\006\314\000\040\006\052\006\110\006\104\006\057\000\040\006\061\006\047\006\314\006\047\006\106\006\064\000\040\006\251\006\110\006\047\006\106\006\052\006\110\006\105\006\314\000\040\006\110\000\040\006\047\006\107\006\057\006\047\006\101\000\040\006\042\006\106}{chapter.2}% 31
\BOOKMARK [1][-]{section*.58}{\376\377\006\106\006\102\006\064\000\040\006\064\006\050\006\314\006\107\040\014\006\063\006\047\006\062\006\107\006\047\006\314\000\040\006\105\006\057\006\047\006\061\000\040\006\251\006\110\006\047\006\106\006\052\006\110\006\105\006\314\000\040\006\057\006\061\000\040\006\176\006\314\006\064\006\050\006\061\006\057\000\040\006\061\006\047\006\314\006\047\006\106\006\064\000\040\006\251\006\110\006\047\006\106\006\052\006\110\006\105\006\314}{chapter.2}% 32
\BOOKMARK [1][-]{section*.59}{\376\377\006\176\006\061\006\063\006\064\040\014\006\107\006\047\006\314\000\040\006\176\006\230\006\110\006\107\006\064}{chapter.2}% 33
\BOOKMARK [0][-]{chapter.3}{\376\377\006\176\006\230\006\110\006\107\006\064\040\014}{}% 34
\BOOKMARK [1][-]{section*.83}{\376\377\006\105\006\067\006\047\006\104\006\071\006\047\006\052\000\040\006\176\006\314\006\064\006\314\006\106}{chapter.3}% 35
\BOOKMARK [2][-]{section*.84}{\376\377\006\105\006\055\006\251\000\040\006\106\006\061\006\105\040\014\006\047\006\101\006\062\006\047\006\061\006\107\006\047\006\314\000\040\006\064\006\050\006\314\006\107\040\014\006\063\006\047\006\062\006\314\000\040\006\061\006\047\006\314\006\047\006\106\006\107\040\014\006\107\006\047\006\314\000\040\006\251\006\110\006\047\006\106\006\052\006\110\006\105\006\314\000j\000a\000m\000a\000d\000a\000g\000n\000i\000b\000e\000n\000c\000h\000m\000a\000r\000k\000i\000n\000g\0002\0000\0002\0004}{section*.83}% 36
\BOOKMARK [2][-]{section*.85}{\376\377\006\050\006\061\006\061\006\063\006\314\000\040\006\105\006\071\006\314\006\047\006\061\006\107\006\047\006\314\000\040\006\071\006\105\006\104\006\251\006\061\006\057\000\040\006\251\006\047\006\061\006\050\006\061\006\057\006\314\000\040\006\050\006\061\006\047\006\314\000\040\006\105\006\055\006\047\006\063\006\050\006\047\006\052\000\040\006\251\006\110\006\047\006\106\006\052\006\110\006\105\006\314\000l\000u\000b\000i\000n\000s\000k\000i\000a\000p\000p\000l\000i\000c\000a\000t\000i\000o\000n\000-\000o\000r\000i\000e\000n\000t\000e\000d\0002\0000\0002\0003}{section*.83}% 37
\BOOKMARK [2][-]{section*.86}{\376\377\000\040\006\314\006\251\000\040\006\105\006\054\006\105\006\110\006\071\006\107\000\040\006\105\006\071\006\314\006\047\006\061\000\040\000Q\000A\000S\000M\000\040\006\063\006\067\006\055\000\040\006\176\006\047\006\314\006\314\006\106\000\040\006\050\006\061\006\047\006\314\000\040\006\047\006\061\006\062\006\314\006\047\006\050\006\314\000\040\006\110\000\040\006\064\006\050\006\314\006\107\040\014\006\063\006\047\006\062\006\314\000\040\000N\000I\000S\000Q\000l\000i\000q\000a\000s\000m\000b\000e\000n\000c\000h\0002\0000\0002\0002}{section*.83}% 38
\BOOKMARK [2][-]{section*.87}{\376\377\006\057\006\314\006\257\006\061\000\040\006\176\006\230\006\110\006\107\006\064\040\014\006\107\006\047}{section*.83}% 39
\BOOKMARK [1][-]{section*.88}{\376\377\006\047\006\106\006\052\006\056\006\047\006\050\000\040\006\064\006\050\006\314\006\107\040\014\006\063\006\047\006\062\006\107\006\047}{chapter.3}% 40
\BOOKMARK [1][-]{section*.89}{\376\377\006\047\006\106\006\052\006\056\006\047\006\050\000\040\006\047\006\104\006\257\006\110\006\061\006\314\006\052\006\105\040\014\006\107\006\047\006\314\000\040\006\105\006\055\006\251}{chapter.3}% 41
\BOOKMARK [2][-]{section*.90}{\376\377\000D\000e\000u\000t\000s\000c\000h\000-\000J\000o\000z\000s\000a}{section*.89}% 42
\BOOKMARK [2][-]{section*.95}{\376\377\000B\000e\000r\000n\000s\000t\000e\000i\000n\000-\000V\000a\000z\000i\000r\000a\000n\000i}{section*.89}% 43
\BOOKMARK [2][-]{section*.100}{\376\377\000S\000i\000m\000o\000n}{section*.89}% 44
\BOOKMARK [2][-]{section*.105}{\376\377\000Q\000u\000a\000n\000t\000u\000m\000\040\000F\000o\000u\000r\000i\000e\000r\000\040\000T\000r\000a\000n\000s\000f\000o\000r\000m\000\040\000\050\000Q\000F\000T\000\051}{section*.89}% 45
\BOOKMARK [2][-]{section*.110}{\376\377\000G\000r\000o\000v\000e\000r}{section*.89}% 46
\BOOKMARK [2][-]{section*.115}{\376\377\000S\000h\000o\000r}{section*.89}% 47
\BOOKMARK [1][-]{section*.120}{\376\377\006\106\006\061\006\105\040\014\006\047\006\101\006\062\006\047\006\061\000\040\006\105\006\055\006\251\000\040\006\176\006\314\006\047\006\057\006\107\040\014\006\063\006\047\006\062\006\314\040\014\006\064\006\057\006\107}{chapter.3}% 48
\BOOKMARK [1][-]{section*.121}{\376\377\006\063\006\056\006\052\040\014\006\047\006\101\006\062\006\047\006\061\000\040\006\105\006\055\006\251}{chapter.3}% 49
\BOOKMARK [0][-]{chapter.4}{\376\377\006\106\006\052\006\314\006\054\006\107\040\014\006\257\006\314\006\061\006\314}{}% 50
\BOOKMARK [1][-]{section*.122}{\376\377\006\061\006\110\006\106\006\057\000\040\006\042\006\062\006\105\006\047\006\314\006\064\040\014\006\107\006\047}{chapter.4}% 51
\BOOKMARK [2][-]{section*.124}{\376\377\000Q\000i\000s\000k\000i\000t}{section*.122}% 52
\BOOKMARK [2][-]{section*.138}{\376\377\000C\000i\000r\000q}{section*.122}% 53
\BOOKMARK [1][-]{section*.148}{\376\377\006\050\006\055\006\053\000\040\006\110\000\040\006\106\006\052\006\314\006\054\006\107\040\014\006\257\006\314\006\061\006\314}{chapter.4}% 54
\BOOKMARK [1][-]{section*.152}{\376\377\006\176\006\230\006\110\006\107\006\064\040\014\006\107\006\047\006\314\000\040\006\042\006\052\006\314}{chapter.4}% 55
