This is XeTeX, Version 3.141592653-2.6-0.999996 (TeX Live 2024) (preloaded format=xelatex 2024.9.6)  5 DEC 2024 22:10
entering extended mode
 restricted \write18 enabled.
 %&-line parsing enabled.
**main.tex
(./main.tex
LaTeX2e <2024-06-01> patch level 2
L3 programming layer <2024-08-16>
(./xepersian-thesis-iasbs-ftex.cls
Document Class: xepersian-thesis-iasbs-ftex 2023/01/04 v0.2 Persian thesis docu
ment class in XeLaTeX
(c:/texlive/2024/texmf-dist/tex/latex/base/report.cls
Document Class: report 2024/02/08 v1.4n Standard LaTeX document class
(c:/texlive/2024/texmf-dist/tex/latex/base/size12.clo
File: size12.clo 2024/02/08 v1.4n Standard LaTeX file (size option)
)
\c@part=\count190
\c@chapter=\count191
\c@section=\count192
\c@subsection=\count193
\c@subsubsection=\count194
\c@paragraph=\count195
\c@subparagraph=\count196
\c@figure=\count197
\c@table=\count198
\abovecaptionskip=\skip49
\belowcaptionskip=\skip50
\bibindent=\dimen141
)) (./definitions.tex
(c:/texlive/2024/texmf-dist/tex/latex/todonotes/todonotes.sty
Package: todonotes 2024/01/05 v1.1.7 Todonotes source and documentation.
Package: todonotes 2024/01/05

(c:/texlive/2024/texmf-dist/tex/latex/base/ifthen.sty
Package: ifthen 2024/03/16 v1.1e Standard LaTeX ifthen package (DPC)
)
(c:/texlive/2024/texmf-dist/tex/latex/xkeyval/xkeyval.sty
Package: xkeyval 2022/06/16 v2.9 package option processing (HA)

(c:/texlive/2024/texmf-dist/tex/generic/xkeyval/xkeyval.tex
(c:/texlive/2024/texmf-dist/tex/generic/xkeyval/xkvutils.tex
\XKV@toks=\toks17
\XKV@tempa@toks=\toks18

(c:/texlive/2024/texmf-dist/tex/generic/xkeyval/keyval.tex))
\XKV@depth=\count199
File: xkeyval.tex 2014/12/03 v2.7a key=value parser (HA)
))
(c:/texlive/2024/texmf-dist/tex/latex/xcolor/xcolor.sty
Package: xcolor 2023/11/15 v3.01 LaTeX color extensions (UK)

(c:/texlive/2024/texmf-dist/tex/latex/graphics-cfg/color.cfg
File: color.cfg 2016/01/02 v1.6 sample color configuration
)
Package xcolor Info: Driver file: xetex.def on input line 274.

(c:/texlive/2024/texmf-dist/tex/latex/graphics-def/xetex.def
File: xetex.def 2022/09/22 v5.0n Graphics/color driver for xetex
)
(c:/texlive/2024/texmf-dist/tex/latex/graphics/mathcolor.ltx)
Package xcolor Info: Model `cmy' substituted by `cmy0' on input line 1350.
Package xcolor Info: Model `RGB' extended on input line 1366.
Package xcolor Info: Model `HTML' substituted by `rgb' on input line 1368.
Package xcolor Info: Model `Hsb' substituted by `hsb' on input line 1369.
Package xcolor Info: Model `tHsb' substituted by `hsb' on input line 1370.
Package xcolor Info: Model `HSB' substituted by `hsb' on input line 1371.
Package xcolor Info: Model `Gray' substituted by `gray' on input line 1372.
Package xcolor Info: Model `wave' substituted by `hsb' on input line 1373.
)
(c:/texlive/2024/texmf-dist/tex/latex/pgf/frontendlayer/tikz.sty
(c:/texlive/2024/texmf-dist/tex/latex/pgf/basiclayer/pgf.sty
(c:/texlive/2024/texmf-dist/tex/latex/pgf/utilities/pgfrcs.sty
(c:/texlive/2024/texmf-dist/tex/generic/pgf/utilities/pgfutil-common.tex
\pgfutil@everybye=\toks19
\pgfutil@tempdima=\dimen142
\pgfutil@tempdimb=\dimen143
)
(c:/texlive/2024/texmf-dist/tex/generic/pgf/utilities/pgfutil-latex.def
\pgfutil@abb=\box52
)
(c:/texlive/2024/texmf-dist/tex/generic/pgf/utilities/pgfrcs.code.tex
(c:/texlive/2024/texmf-dist/tex/generic/pgf/pgf.revision.tex)
Package: pgfrcs 2023-01-15 v3.1.10 (3.1.10)
))
Package: pgf 2023-01-15 v3.1.10 (3.1.10)

(c:/texlive/2024/texmf-dist/tex/latex/pgf/basiclayer/pgfcore.sty
(c:/texlive/2024/texmf-dist/tex/latex/graphics/graphicx.sty
Package: graphicx 2021/09/16 v1.2d Enhanced LaTeX Graphics (DPC,SPQR)

(c:/texlive/2024/texmf-dist/tex/latex/graphics/graphics.sty
Package: graphics 2024/05/23 v1.4g Standard LaTeX Graphics (DPC,SPQR)

(c:/texlive/2024/texmf-dist/tex/latex/graphics/trig.sty
Package: trig 2023/12/02 v1.11 sin cos tan (DPC)
)
(c:/texlive/2024/texmf-dist/tex/latex/graphics-cfg/graphics.cfg
File: graphics.cfg 2016/06/04 v1.11 sample graphics configuration
)
Package graphics Info: Driver file: xetex.def on input line 106.
)
\Gin@req@height=\dimen144
\Gin@req@width=\dimen145
)
(c:/texlive/2024/texmf-dist/tex/latex/pgf/systemlayer/pgfsys.sty
(c:/texlive/2024/texmf-dist/tex/generic/pgf/systemlayer/pgfsys.code.tex
Package: pgfsys 2023-01-15 v3.1.10 (3.1.10)

(c:/texlive/2024/texmf-dist/tex/generic/pgf/utilities/pgfkeys.code.tex
\pgfkeys@pathtoks=\toks20
\pgfkeys@temptoks=\toks21

(c:/texlive/2024/texmf-dist/tex/generic/pgf/utilities/pgfkeyslibraryfiltered.co
de.tex
\pgfkeys@tmptoks=\toks22
))
\pgf@x=\dimen146
\pgf@y=\dimen147
\pgf@xa=\dimen148
\pgf@ya=\dimen149
\pgf@xb=\dimen150
\pgf@yb=\dimen151
\pgf@xc=\dimen152
\pgf@yc=\dimen153
\pgf@xd=\dimen154
\pgf@yd=\dimen155
\w@pgf@writea=\write3
\r@pgf@reada=\read2
\c@pgf@counta=\count266
\c@pgf@countb=\count267
\c@pgf@countc=\count268
\c@pgf@countd=\count269
\t@pgf@toka=\toks23
\t@pgf@tokb=\toks24
\t@pgf@tokc=\toks25
\pgf@sys@id@count=\count270
 (c:/texlive/2024/texmf-dist/tex/generic/pgf/systemlayer/pgf.cfg
File: pgf.cfg 2023-01-15 v3.1.10 (3.1.10)
)
Driver file for pgf: pgfsys-xetex.def

(c:/texlive/2024/texmf-dist/tex/generic/pgf/systemlayer/pgfsys-xetex.def
File: pgfsys-xetex.def 2023-01-15 v3.1.10 (3.1.10)

(c:/texlive/2024/texmf-dist/tex/generic/pgf/systemlayer/pgfsys-dvipdfmx.def
File: pgfsys-dvipdfmx.def 2023-01-15 v3.1.10 (3.1.10)

(c:/texlive/2024/texmf-dist/tex/generic/pgf/systemlayer/pgfsys-common-pdf.def
File: pgfsys-common-pdf.def 2023-01-15 v3.1.10 (3.1.10)
)
\pgfsys@objnum=\count271
)))
(c:/texlive/2024/texmf-dist/tex/generic/pgf/systemlayer/pgfsyssoftpath.code.tex
File: pgfsyssoftpath.code.tex 2023-01-15 v3.1.10 (3.1.10)
\pgfsyssoftpath@smallbuffer@items=\count272
\pgfsyssoftpath@bigbuffer@items=\count273
)
(c:/texlive/2024/texmf-dist/tex/generic/pgf/systemlayer/pgfsysprotocol.code.tex
File: pgfsysprotocol.code.tex 2023-01-15 v3.1.10 (3.1.10)
)) (c:/texlive/2024/texmf-dist/tex/generic/pgf/basiclayer/pgfcore.code.tex
Package: pgfcore 2023-01-15 v3.1.10 (3.1.10)

(c:/texlive/2024/texmf-dist/tex/generic/pgf/math/pgfmath.code.tex
(c:/texlive/2024/texmf-dist/tex/generic/pgf/math/pgfmathutil.code.tex)
(c:/texlive/2024/texmf-dist/tex/generic/pgf/math/pgfmathparser.code.tex
\pgfmath@dimen=\dimen156
\pgfmath@count=\count274
\pgfmath@box=\box53
\pgfmath@toks=\toks26
\pgfmath@stack@operand=\toks27
\pgfmath@stack@operation=\toks28
)
(c:/texlive/2024/texmf-dist/tex/generic/pgf/math/pgfmathfunctions.code.tex)
(c:/texlive/2024/texmf-dist/tex/generic/pgf/math/pgfmathfunctions.basic.code.te
x)
(c:/texlive/2024/texmf-dist/tex/generic/pgf/math/pgfmathfunctions.trigonometric
.code.tex)
(c:/texlive/2024/texmf-dist/tex/generic/pgf/math/pgfmathfunctions.random.code.t
ex)
(c:/texlive/2024/texmf-dist/tex/generic/pgf/math/pgfmathfunctions.comparison.co
de.tex)
(c:/texlive/2024/texmf-dist/tex/generic/pgf/math/pgfmathfunctions.base.code.tex
)
(c:/texlive/2024/texmf-dist/tex/generic/pgf/math/pgfmathfunctions.round.code.te
x)
(c:/texlive/2024/texmf-dist/tex/generic/pgf/math/pgfmathfunctions.misc.code.tex
)
(c:/texlive/2024/texmf-dist/tex/generic/pgf/math/pgfmathfunctions.integerarithm
etics.code.tex)
(c:/texlive/2024/texmf-dist/tex/generic/pgf/math/pgfmathcalc.code.tex)
(c:/texlive/2024/texmf-dist/tex/generic/pgf/math/pgfmathfloat.code.tex
\c@pgfmathroundto@lastzeros=\count275
))
(c:/texlive/2024/texmf-dist/tex/generic/pgf/math/pgfint.code.tex)
(c:/texlive/2024/texmf-dist/tex/generic/pgf/basiclayer/pgfcorepoints.code.tex
File: pgfcorepoints.code.tex 2023-01-15 v3.1.10 (3.1.10)
\pgf@picminx=\dimen157
\pgf@picmaxx=\dimen158
\pgf@picminy=\dimen159
\pgf@picmaxy=\dimen160
\pgf@pathminx=\dimen161
\pgf@pathmaxx=\dimen162
\pgf@pathminy=\dimen163
\pgf@pathmaxy=\dimen164
\pgf@xx=\dimen165
\pgf@xy=\dimen166
\pgf@yx=\dimen167
\pgf@yy=\dimen168
\pgf@zx=\dimen169
\pgf@zy=\dimen170
)
(c:/texlive/2024/texmf-dist/tex/generic/pgf/basiclayer/pgfcorepathconstruct.cod
e.tex
File: pgfcorepathconstruct.code.tex 2023-01-15 v3.1.10 (3.1.10)
\pgf@path@lastx=\dimen171
\pgf@path@lasty=\dimen172
)
(c:/texlive/2024/texmf-dist/tex/generic/pgf/basiclayer/pgfcorepathusage.code.te
x
File: pgfcorepathusage.code.tex 2023-01-15 v3.1.10 (3.1.10)
\pgf@shorten@end@additional=\dimen173
\pgf@shorten@start@additional=\dimen174
)
(c:/texlive/2024/texmf-dist/tex/generic/pgf/basiclayer/pgfcorescopes.code.tex
File: pgfcorescopes.code.tex 2023-01-15 v3.1.10 (3.1.10)
\pgfpic=\box54
\pgf@hbox=\box55
\pgf@layerbox@main=\box56
\pgf@picture@serial@count=\count276
)
(c:/texlive/2024/texmf-dist/tex/generic/pgf/basiclayer/pgfcoregraphicstate.code
.tex
File: pgfcoregraphicstate.code.tex 2023-01-15 v3.1.10 (3.1.10)
\pgflinewidth=\dimen175
)
(c:/texlive/2024/texmf-dist/tex/generic/pgf/basiclayer/pgfcoretransformations.c
ode.tex
File: pgfcoretransformations.code.tex 2023-01-15 v3.1.10 (3.1.10)
\pgf@pt@x=\dimen176
\pgf@pt@y=\dimen177
\pgf@pt@temp=\dimen178
)
(c:/texlive/2024/texmf-dist/tex/generic/pgf/basiclayer/pgfcorequick.code.tex
File: pgfcorequick.code.tex 2023-01-15 v3.1.10 (3.1.10)
)
(c:/texlive/2024/texmf-dist/tex/generic/pgf/basiclayer/pgfcoreobjects.code.tex
File: pgfcoreobjects.code.tex 2023-01-15 v3.1.10 (3.1.10)
)
(c:/texlive/2024/texmf-dist/tex/generic/pgf/basiclayer/pgfcorepathprocessing.co
de.tex
File: pgfcorepathprocessing.code.tex 2023-01-15 v3.1.10 (3.1.10)
)
(c:/texlive/2024/texmf-dist/tex/generic/pgf/basiclayer/pgfcorearrows.code.tex
File: pgfcorearrows.code.tex 2023-01-15 v3.1.10 (3.1.10)
\pgfarrowsep=\dimen179
)
(c:/texlive/2024/texmf-dist/tex/generic/pgf/basiclayer/pgfcoreshade.code.tex
File: pgfcoreshade.code.tex 2023-01-15 v3.1.10 (3.1.10)
\pgf@max=\dimen180
\pgf@sys@shading@range@num=\count277
\pgf@shadingcount=\count278
)
(c:/texlive/2024/texmf-dist/tex/generic/pgf/basiclayer/pgfcoreimage.code.tex
File: pgfcoreimage.code.tex 2023-01-15 v3.1.10 (3.1.10)
)
(c:/texlive/2024/texmf-dist/tex/generic/pgf/basiclayer/pgfcoreexternal.code.tex
File: pgfcoreexternal.code.tex 2023-01-15 v3.1.10 (3.1.10)
\pgfexternal@startupbox=\box57
) (c:/texlive/2024/texmf-dist/tex/generic/pgf/basiclayer/pgfcorelayers.code.tex
File: pgfcorelayers.code.tex 2023-01-15 v3.1.10 (3.1.10)
)
(c:/texlive/2024/texmf-dist/tex/generic/pgf/basiclayer/pgfcoretransparency.code
.tex
File: pgfcoretransparency.code.tex 2023-01-15 v3.1.10 (3.1.10)
)
(c:/texlive/2024/texmf-dist/tex/generic/pgf/basiclayer/pgfcorepatterns.code.tex
File: pgfcorepatterns.code.tex 2023-01-15 v3.1.10 (3.1.10)
) (c:/texlive/2024/texmf-dist/tex/generic/pgf/basiclayer/pgfcorerdf.code.tex
File: pgfcorerdf.code.tex 2023-01-15 v3.1.10 (3.1.10)
))) (c:/texlive/2024/texmf-dist/tex/generic/pgf/modules/pgfmoduleshapes.code.te
x
File: pgfmoduleshapes.code.tex 2023-01-15 v3.1.10 (3.1.10)
\pgfnodeparttextbox=\box58
)
(c:/texlive/2024/texmf-dist/tex/generic/pgf/modules/pgfmoduleplot.code.tex
File: pgfmoduleplot.code.tex 2023-01-15 v3.1.10 (3.1.10)
)
(c:/texlive/2024/texmf-dist/tex/latex/pgf/compatibility/pgfcomp-version-0-65.st
y
Package: pgfcomp-version-0-65 2023-01-15 v3.1.10 (3.1.10)
\pgf@nodesepstart=\dimen181
\pgf@nodesepend=\dimen182
)
(c:/texlive/2024/texmf-dist/tex/latex/pgf/compatibility/pgfcomp-version-1-18.st
y
Package: pgfcomp-version-1-18 2023-01-15 v3.1.10 (3.1.10)
)) (c:/texlive/2024/texmf-dist/tex/latex/pgf/utilities/pgffor.sty
(c:/texlive/2024/texmf-dist/tex/latex/pgf/utilities/pgfkeys.sty
(c:/texlive/2024/texmf-dist/tex/generic/pgf/utilities/pgfkeys.code.tex))
(c:/texlive/2024/texmf-dist/tex/latex/pgf/math/pgfmath.sty
(c:/texlive/2024/texmf-dist/tex/generic/pgf/math/pgfmath.code.tex))
(c:/texlive/2024/texmf-dist/tex/generic/pgf/utilities/pgffor.code.tex
Package: pgffor 2023-01-15 v3.1.10 (3.1.10)
\pgffor@iter=\dimen183
\pgffor@skip=\dimen184
\pgffor@stack=\toks29
\pgffor@toks=\toks30
))
(c:/texlive/2024/texmf-dist/tex/generic/pgf/frontendlayer/tikz/tikz.code.tex
Package: tikz 2023-01-15 v3.1.10 (3.1.10)

(c:/texlive/2024/texmf-dist/tex/generic/pgf/libraries/pgflibraryplothandlers.co
de.tex
File: pgflibraryplothandlers.code.tex 2023-01-15 v3.1.10 (3.1.10)
\pgf@plot@mark@count=\count279
\pgfplotmarksize=\dimen185
)
\tikz@lastx=\dimen186
\tikz@lasty=\dimen187
\tikz@lastxsaved=\dimen188
\tikz@lastysaved=\dimen189
\tikz@lastmovetox=\dimen190
\tikz@lastmovetoy=\dimen191
\tikzleveldistance=\dimen192
\tikzsiblingdistance=\dimen193
\tikz@figbox=\box59
\tikz@figbox@bg=\box60
\tikz@tempbox=\box61
\tikz@tempbox@bg=\box62
\tikztreelevel=\count280
\tikznumberofchildren=\count281
\tikznumberofcurrentchild=\count282
\tikz@fig@count=\count283

(c:/texlive/2024/texmf-dist/tex/generic/pgf/modules/pgfmodulematrix.code.tex
File: pgfmodulematrix.code.tex 2023-01-15 v3.1.10 (3.1.10)
\pgfmatrixcurrentrow=\count284
\pgfmatrixcurrentcolumn=\count285
\pgf@matrix@numberofcolumns=\count286
)
\tikz@expandcount=\count287

(c:/texlive/2024/texmf-dist/tex/generic/pgf/frontendlayer/tikz/libraries/tikzli
brarytopaths.code.tex
File: tikzlibrarytopaths.code.tex 2023-01-15 v3.1.10 (3.1.10)
)))
(c:/texlive/2024/texmf-dist/tex/generic/pgf/frontendlayer/tikz/libraries/tikzli
brarypositioning.code.tex
File: tikzlibrarypositioning.code.tex 2023-01-15 v3.1.10 (3.1.10)
) (c:/texlive/2024/texmf-dist/tex/latex/tools/calc.sty
Package: calc 2023/07/08 v4.3 Infix arithmetic (KKT,FJ)
\calc@Acount=\count288
\calc@Bcount=\count289
\calc@Adimen=\dimen194
\calc@Bdimen=\dimen195
\calc@Askip=\skip51
\calc@Bskip=\skip52
LaTeX Info: Redefining \setlength on input line 80.
LaTeX Info: Redefining \addtolength on input line 81.
\calc@Ccount=\count290
\calc@Cskip=\skip53
)
\c@@todonotes@numberoftodonotes=\count291
) (c:/texlive/2024/texmf-dist/tex/latex/hyperref/hyperref.sty
Package: hyperref 2024-07-10 v7.01j Hypertext links for LaTeX

(c:/texlive/2024/texmf-dist/tex/generic/iftex/iftex.sty
Package: iftex 2022/02/03 v1.0f TeX engine tests
)
(c:/texlive/2024/texmf-dist/tex/latex/kvsetkeys/kvsetkeys.sty
Package: kvsetkeys 2022-10-05 v1.19 Key value parser (HO)
)
(c:/texlive/2024/texmf-dist/tex/generic/kvdefinekeys/kvdefinekeys.sty
Package: kvdefinekeys 2019-12-19 v1.6 Define keys (HO)
)
(c:/texlive/2024/texmf-dist/tex/generic/pdfescape/pdfescape.sty
Package: pdfescape 2019/12/09 v1.15 Implements pdfTeX's escape features (HO)

(c:/texlive/2024/texmf-dist/tex/generic/ltxcmds/ltxcmds.sty
Package: ltxcmds 2023-12-04 v1.26 LaTeX kernel commands for general use (HO)
)
(c:/texlive/2024/texmf-dist/tex/generic/pdftexcmds/pdftexcmds.sty
Package: pdftexcmds 2020-06-27 v0.33 Utility functions of pdfTeX for LuaTeX (HO
)

(c:/texlive/2024/texmf-dist/tex/generic/infwarerr/infwarerr.sty
Package: infwarerr 2019/12/03 v1.5 Providing info/warning/error messages (HO)
)
Package pdftexcmds Info: \pdf@primitive is available.
Package pdftexcmds Info: \pdf@ifprimitive is available.
Package pdftexcmds Info: \pdfdraftmode not found.
))
(c:/texlive/2024/texmf-dist/tex/latex/hycolor/hycolor.sty
Package: hycolor 2020-01-27 v1.10 Color options for hyperref/bookmark (HO)
)
(c:/texlive/2024/texmf-dist/tex/latex/hyperref/nameref.sty
Package: nameref 2023-11-26 v2.56 Cross-referencing by name of section

(c:/texlive/2024/texmf-dist/tex/latex/refcount/refcount.sty
Package: refcount 2019/12/15 v3.6 Data extraction from label references (HO)
)
(c:/texlive/2024/texmf-dist/tex/generic/gettitlestring/gettitlestring.sty
Package: gettitlestring 2019/12/15 v1.6 Cleanup title references (HO)

(c:/texlive/2024/texmf-dist/tex/latex/kvoptions/kvoptions.sty
Package: kvoptions 2022-06-15 v3.15 Key value format for package options (HO)
))
\c@section@level=\count292
)
(c:/texlive/2024/texmf-dist/tex/latex/etoolbox/etoolbox.sty
Package: etoolbox 2020/10/05 v2.5k e-TeX tools for LaTeX (JAW)
\etb@tempcnta=\count293
)
(c:/texlive/2024/texmf-dist/tex/generic/stringenc/stringenc.sty
Package: stringenc 2019/11/29 v1.12 Convert strings between diff. encodings (HO
)
)
\@linkdim=\dimen196
\Hy@linkcounter=\count294
\Hy@pagecounter=\count295

(c:/texlive/2024/texmf-dist/tex/latex/hyperref/pd1enc.def
File: pd1enc.def 2024-07-10 v7.01j Hyperref: PDFDocEncoding definition (HO)
)
(c:/texlive/2024/texmf-dist/tex/generic/intcalc/intcalc.sty
Package: intcalc 2019/12/15 v1.3 Expandable calculations with integers (HO)
)
\Hy@SavedSpaceFactor=\count296

(c:/texlive/2024/texmf-dist/tex/latex/hyperref/puenc.def
File: puenc.def 2024-07-10 v7.01j Hyperref: PDF Unicode definition (HO)
)
Package hyperref Info: Option `colorlinks' set `true' on input line 4040.
Package hyperref Info: Hyper figures OFF on input line 4157.
Package hyperref Info: Link nesting OFF on input line 4162.
Package hyperref Info: Hyper index ON on input line 4165.
Package hyperref Info: Plain pages OFF on input line 4172.
Package hyperref Info: Backreferencing OFF on input line 4177.
Package hyperref Info: Implicit mode ON; LaTeX internals redefined.
Package hyperref Info: Bookmarks ON on input line 4424.
\c@Hy@tempcnt=\count297

(c:/texlive/2024/texmf-dist/tex/latex/url/url.sty
\Urlmuskip=\muskip17
Package: url 2013/09/16  ver 3.4  Verb mode for urls, etc.
)
LaTeX Info: Redefining \url on input line 4763.
\XeTeXLinkMargin=\dimen197

(c:/texlive/2024/texmf-dist/tex/generic/bitset/bitset.sty
Package: bitset 2019/12/09 v1.3 Handle bit-vector datatype (HO)

(c:/texlive/2024/texmf-dist/tex/generic/bigintcalc/bigintcalc.sty
Package: bigintcalc 2019/12/15 v1.5 Expandable calculations on big integers (HO
)
))
\Fld@menulength=\count298
\Field@Width=\dimen198
\Fld@charsize=\dimen199
Package hyperref Info: Hyper figures OFF on input line 6042.
Package hyperref Info: Link nesting OFF on input line 6047.
Package hyperref Info: Hyper index ON on input line 6050.
Package hyperref Info: backreferencing OFF on input line 6057.
Package hyperref Info: Link coloring ON on input line 6060.
Package hyperref Info: Link coloring with OCG OFF on input line 6067.
Package hyperref Info: PDF/A mode OFF on input line 6072.

(c:/texlive/2024/texmf-dist/tex/latex/base/atbegshi-ltx.sty
Package: atbegshi-ltx 2021/01/10 v1.0c Emulation of the original atbegshi
package with kernel methods
)
\Hy@abspage=\count299
\c@Item=\count300
\c@Hfootnote=\count301
)
Package hyperref Info: Driver (autodetected): hxetex.

(c:/texlive/2024/texmf-dist/tex/latex/hyperref/hxetex.def
File: hxetex.def 2024-07-10 v7.01j Hyperref driver for XeTeX
\pdfm@box=\box63
\c@Hy@AnnotLevel=\count302
\HyField@AnnotCount=\count303
\Fld@listcount=\count304
\c@bookmark@seq@number=\count305

(c:/texlive/2024/texmf-dist/tex/latex/rerunfilecheck/rerunfilecheck.sty
Package: rerunfilecheck 2022-07-10 v1.10 Rerun checks for auxiliary files (HO)

(c:/texlive/2024/texmf-dist/tex/latex/base/atveryend-ltx.sty
Package: atveryend-ltx 2020/08/19 v1.0a Emulation of the original atveryend pac
kage
with kernel methods
)
(c:/texlive/2024/texmf-dist/tex/generic/uniquecounter/uniquecounter.sty
Package: uniquecounter 2019/12/15 v1.4 Provide unlimited unique counter (HO)
)
Package uniquecounter Info: New unique counter `rerunfilecheck' on input line 2
85.
)
\Hy@SectionHShift=\skip54
)
(c:/texlive/2024/texmf-dist/tex/latex/setspace/setspace.sty
Package: setspace 2022/12/04 v6.7b set line spacing
)
(c:/texlive/2024/texmf-dist/tex/latex/geometry/geometry.sty
Package: geometry 2020/01/02 v5.9 Page Geometry

(c:/texlive/2024/texmf-dist/tex/generic/iftex/ifvtex.sty
Package: ifvtex 2019/10/25 v1.7 ifvtex legacy package. Use iftex instead.
)
\Gm@cnth=\count306
\Gm@cntv=\count307
\c@Gm@tempcnt=\count308
\Gm@bindingoffset=\dimen256
\Gm@wd@mp=\dimen257
\Gm@odd@mp=\dimen258
\Gm@even@mp=\dimen259
\Gm@layoutwidth=\dimen260
\Gm@layoutheight=\dimen261
\Gm@layouthoffset=\dimen262
\Gm@layoutvoffset=\dimen263
\Gm@dimlist=\toks31
)
(c:/texlive/2024/texmf-dist/tex/generic/soul/soul.sty
Package: soul 2023-06-14 v3.1 Permit use of UTF-8 characters in soul (HO)

(c:/texlive/2024/texmf-dist/tex/generic/soul/soul-ori.sty
Package: soul-ori 2023-06-14 v3.1 letterspacing/underlining (mf)
\SOUL@word=\toks32
\SOUL@lasttoken=\toks33
\SOUL@syllable=\toks34
\SOUL@cmds=\toks35
\SOUL@buffer=\toks36
\SOUL@token=\toks37
\SOUL@syllgoal=\dimen264
\SOUL@syllwidth=\dimen265
\SOUL@charkern=\dimen266
\SOUL@hyphkern=\dimen267
\SOUL@dimen=\dimen268
\SOUL@dimeni=\dimen269
\SOUL@minus=\count309
\SOUL@comma=\count310
\SOUL@apo=\count311
\SOUL@grave=\count312
\SOUL@spaceskip=\skip55
\SOUL@ttwidth=\dimen270
\SOUL@uldp=\dimen271
\SOUL@ulht=\dimen272
)
(c:/texlive/2024/texmf-dist/tex/generic/etexcmds/etexcmds.sty
Package: etexcmds 2019/12/15 v1.7 Avoid name clashes with e-TeX commands (HO)
))
(c:/texlive/2024/texmf-dist/tex/latex/pgfplots/pgfplots.sty
(c:/texlive/2024/texmf-dist/tex/generic/pgfplots/pgfplots.revision.tex)
Package: pgfplots 2021/05/15 v1.18.1 Data Visualization (1.18.1)

(c:/texlive/2024/texmf-dist/tex/generic/pgfplots/pgfplots.code.tex
(c:/texlive/2024/texmf-dist/tex/generic/pgfplots/pgfplotscore.code.tex
\t@pgfplots@toka=\toks38
\t@pgfplots@tokb=\toks39
\t@pgfplots@tokc=\toks40
\pgfplots@tmpa=\dimen273
\c@pgfplots@coordindex=\count313
\c@pgfplots@scanlineindex=\count314

(c:/texlive/2024/texmf-dist/tex/generic/pgfplots/sys/pgfplotssysgeneric.code.te
x))
(c:/texlive/2024/texmf-dist/tex/generic/pgfplots/libs/pgfplotslibrary.code.tex)

(c:/texlive/2024/texmf-dist/tex/generic/pgfplots/oldpgfcompatib/pgfplotsoldpgfs
upp_loader.code.tex
(c:/texlive/2024/texmf-dist/tex/generic/pgf/libraries/pgflibraryfpu.code.tex)
Package pgfplots: loading complementary utilities for your pgf version...
\t@pgf@toka=\toks41
\t@pgf@tokb=\toks42
\t@pgf@tokc=\toks43

(c:/texlive/2024/texmf-dist/tex/generic/pgfplots/oldpgfcompatib/pgfplotsoldpgfs
upp_pgfutil-common-lists.tex))
(c:/texlive/2024/texmf-dist/tex/generic/pgfplots/util/pgfplotsutil.code.tex
(c:/texlive/2024/texmf-dist/tex/generic/pgfplots/liststructure/pgfplotsliststru
cture.code.tex)
(c:/texlive/2024/texmf-dist/tex/generic/pgfplots/liststructure/pgfplotsliststru
ctureext.code.tex)
(c:/texlive/2024/texmf-dist/tex/generic/pgfplots/liststructure/pgfplotsarray.co
de.tex
\c@pgfplotsarray@tmp=\count315
)
(c:/texlive/2024/texmf-dist/tex/generic/pgfplots/liststructure/pgfplotsmatrix.c
ode.tex)
(c:/texlive/2024/texmf-dist/tex/generic/pgfplots/numtable/pgfplotstableshared.c
ode.tex
\c@pgfplotstable@counta=\count316
\t@pgfplotstable@a=\toks44
)
(c:/texlive/2024/texmf-dist/tex/generic/pgfplots/liststructure/pgfplotsdeque.co
de.tex)
(c:/texlive/2024/texmf-dist/tex/generic/pgfplots/util/pgfplotsbinary.code.tex
(c:/texlive/2024/texmf-dist/tex/generic/pgfplots/util/pgfplotsbinary.data.code.
tex))
(c:/texlive/2024/texmf-dist/tex/generic/pgfplots/util/pgfplotsutil.verb.code.te
x)
(c:/texlive/2024/texmf-dist/tex/generic/pgfplots/libs/pgflibrarypgfplots.surfsh
ading.code.tex
\c@pgfplotslibrarysurf@no=\count317

(c:/texlive/2024/texmf-dist/tex/generic/pgfplots/sys/pgflibrarypgfplots.surfsha
ding.pgfsys-xetex.def
(c:/texlive/2024/texmf-dist/tex/generic/pgfplots/sys/pgflibrarypgfplots.surfsha
ding.pgfsys-dvipdfmx.def
\c@pgfplotslibrarysurf@streamlen=\count318
))))
(c:/texlive/2024/texmf-dist/tex/generic/pgfplots/util/pgfplotscolormap.code.tex
(c:/texlive/2024/texmf-dist/tex/generic/pgfplots/util/pgfplotscolor.code.tex))
(c:/texlive/2024/texmf-dist/tex/generic/pgfplots/pgfplotsstackedplots.code.tex)
(c:/texlive/2024/texmf-dist/tex/generic/pgfplots/pgfplotsplothandlers.code.tex
(c:/texlive/2024/texmf-dist/tex/generic/pgfplots/pgfplotsmeshplothandler.code.t
ex
(c:/texlive/2024/texmf-dist/tex/generic/pgfplots/pgfplotsmeshplotimage.code.tex
))) (c:/texlive/2024/texmf-dist/tex/generic/pgfplots/pgfplots.scaling.code.tex)

(c:/texlive/2024/texmf-dist/tex/generic/pgfplots/pgfplotscoordprocessing.code.t
ex)
(c:/texlive/2024/texmf-dist/tex/generic/pgfplots/pgfplots.errorbars.code.tex)
(c:/texlive/2024/texmf-dist/tex/generic/pgfplots/pgfplots.markers.code.tex)
(c:/texlive/2024/texmf-dist/tex/generic/pgfplots/pgfplotsticks.code.tex)
(c:/texlive/2024/texmf-dist/tex/generic/pgfplots/pgfplots.paths.code.tex)
(c:/texlive/2024/texmf-dist/tex/generic/pgf/frontendlayer/tikz/libraries/tikzli
brarydecorations.code.tex
(c:/texlive/2024/texmf-dist/tex/generic/pgf/modules/pgfmoduledecorations.code.t
ex
\pgfdecoratedcompleteddistance=\dimen274
\pgfdecoratedremainingdistance=\dimen275
\pgfdecoratedinputsegmentcompleteddistance=\dimen276
\pgfdecoratedinputsegmentremainingdistance=\dimen277
\pgf@decorate@distancetomove=\dimen278
\pgf@decorate@repeatstate=\count319
\pgfdecorationsegmentamplitude=\dimen279
\pgfdecorationsegmentlength=\dimen280
)
\tikz@lib@dec@box=\box64
)
(c:/texlive/2024/texmf-dist/tex/generic/pgf/frontendlayer/tikz/libraries/tikzli
brarydecorations.pathmorphing.code.tex
(c:/texlive/2024/texmf-dist/tex/generic/pgf/libraries/decorations/pgflibrarydec
orations.pathmorphing.code.tex))
(c:/texlive/2024/texmf-dist/tex/generic/pgf/frontendlayer/tikz/libraries/tikzli
brarydecorations.pathreplacing.code.tex
(c:/texlive/2024/texmf-dist/tex/generic/pgf/libraries/decorations/pgflibrarydec
orations.pathreplacing.code.tex))
(c:/texlive/2024/texmf-dist/tex/generic/pgfplots/libs/tikzlibrarypgfplots.conto
urlua.code.tex)
\pgfplots@numplots=\count320
\pgfplots@xmin@reg=\dimen281
\pgfplots@xmax@reg=\dimen282
\pgfplots@ymin@reg=\dimen283
\pgfplots@ymax@reg=\dimen284
\pgfplots@zmin@reg=\dimen285
\pgfplots@zmax@reg=\dimen286
)
(c:/texlive/2024/texmf-dist/tex/generic/pgf/frontendlayer/tikz/libraries/tikzli
braryplotmarks.code.tex
File: tikzlibraryplotmarks.code.tex 2023-01-15 v3.1.10 (3.1.10)

(c:/texlive/2024/texmf-dist/tex/generic/pgf/libraries/pgflibraryplotmarks.code.
tex
File: pgflibraryplotmarks.code.tex 2023-01-15 v3.1.10 (3.1.10)
)))
(c:/texlive/2024/texmf-dist/tex/generic/pgf/frontendlayer/tikz/libraries/tikzli
brarycalc.code.tex
File: tikzlibrarycalc.code.tex 2023-01-15 v3.1.10 (3.1.10)
)
(c:/texlive/2024/texmf-dist/tex/latex/adjustbox/adjustbox.sty
Package: adjustbox 2022/10/17 v1.3a Adjusting TeX boxes (trim, clip, ...)

(c:/texlive/2024/texmf-dist/tex/latex/adjustbox/adjcalc.sty
Package: adjcalc 2012/05/16 v1.1 Provides advanced setlength with multiple back
-ends (calc, etex, pgfmath)
)
(c:/texlive/2024/texmf-dist/tex/latex/adjustbox/trimclip.sty
Package: trimclip 2020/08/19 v1.2 Trim and clip general TeX material

(c:/texlive/2024/texmf-dist/tex/latex/collectbox/collectbox.sty
Package: collectbox 2022/10/17 v0.4c Collect macro arguments as boxes
\collectedbox=\box65
)
\tc@llx=\dimen287
\tc@lly=\dimen288
\tc@urx=\dimen289
\tc@ury=\dimen290
Package trimclip Info: Using driver 'tc-xetex.def'.

(c:/texlive/2024/texmf-dist/tex/latex/adjustbox/tc-xetex.def
File: tc-xetex.def 2019/01/04 v2.2 Clipping driver for xetex
))
\adjbox@Width=\dimen291
\adjbox@Height=\dimen292
\adjbox@Depth=\dimen293
\adjbox@Totalheight=\dimen294
\adjbox@pwidth=\dimen295
\adjbox@pheight=\dimen296
\adjbox@pdepth=\dimen297
\adjbox@ptotalheight=\dimen298
)
(c:/texlive/2024/texmf-dist/tex/latex/amsmath/amsmath.sty
Package: amsmath 2024/05/23 v2.17q AMS math features
\@mathmargin=\skip56

For additional information on amsmath, use the `?' option.
(c:/texlive/2024/texmf-dist/tex/latex/amsmath/amstext.sty
Package: amstext 2021/08/26 v2.01 AMS text

(c:/texlive/2024/texmf-dist/tex/latex/amsmath/amsgen.sty
File: amsgen.sty 1999/11/30 v2.0 generic functions
\@emptytoks=\toks45
\ex@=\dimen299
))
(c:/texlive/2024/texmf-dist/tex/latex/amsmath/amsbsy.sty
Package: amsbsy 1999/11/29 v1.2d Bold Symbols
\pmbraise@=\dimen300
)
(c:/texlive/2024/texmf-dist/tex/latex/amsmath/amsopn.sty
Package: amsopn 2022/04/08 v2.04 operator names
)
\inf@bad=\count321
LaTeX Info: Redefining \frac on input line 233.
\uproot@=\count322
\leftroot@=\count323
LaTeX Info: Redefining \overline on input line 398.
LaTeX Info: Redefining \colon on input line 409.
\classnum@=\count324
\DOTSCASE@=\count325
LaTeX Info: Redefining \ldots on input line 495.
LaTeX Info: Redefining \dots on input line 498.
LaTeX Info: Redefining \cdots on input line 619.
\Mathstrutbox@=\box66
\strutbox@=\box67
LaTeX Info: Redefining \big on input line 721.
LaTeX Info: Redefining \Big on input line 722.
LaTeX Info: Redefining \bigg on input line 723.
LaTeX Info: Redefining \Bigg on input line 724.
\big@size=\dimen301
LaTeX Font Info:    Redeclaring font encoding OML on input line 742.
LaTeX Font Info:    Redeclaring font encoding OMS on input line 743.
\macc@depth=\count326
LaTeX Info: Redefining \bmod on input line 904.
LaTeX Info: Redefining \pmod on input line 909.
LaTeX Info: Redefining \smash on input line 939.
LaTeX Info: Redefining \relbar on input line 969.
LaTeX Info: Redefining \Relbar on input line 970.
\c@MaxMatrixCols=\count327
\dotsspace@=\muskip18
\c@parentequation=\count328
\dspbrk@lvl=\count329
\tag@help=\toks46
\row@=\count330
\column@=\count331
\maxfields@=\count332
\andhelp@=\toks47
\eqnshift@=\dimen302
\alignsep@=\dimen303
\tagshift@=\dimen304
\tagwidth@=\dimen305
\totwidth@=\dimen306
\lineht@=\dimen307
\@envbody=\toks48
\multlinegap=\skip57
\multlinetaggap=\skip58
\mathdisplay@stack=\toks49
LaTeX Info: Redefining \[ on input line 2953.
LaTeX Info: Redefining \] on input line 2954.
)
(c:/texlive/2024/texmf-dist/tex/latex/footmisc/footmisc.sty
Package: footmisc 2023/07/05 v6.0f a miscellany of footnote facilities
\FN@temptoken=\toks50
\footnotemargin=\dimen308
\@outputbox@depth=\dimen309
Package footmisc Info: Declaring symbol style bringhurst on input line 696.
Package footmisc Info: Declaring symbol style chicago on input line 704.
Package footmisc Info: Declaring symbol style wiley on input line 713.
Package footmisc Info: Declaring symbol style lamport-robust on input line 724.

Package footmisc Info: Declaring symbol style lamport* on input line 744.
Package footmisc Info: Declaring symbol style lamport*-robust on input line 765
.
)
(c:/texlive/2024/texmf-dist/tex/latex/zref/zref-perpage.sty
Package: zref-perpage 2023-09-14 v2.35 Module perpage for zref (HO)

(c:/texlive/2024/texmf-dist/tex/latex/zref/zref-base.sty
Package: zref-base 2023-09-14 v2.35 Module base for zref (HO)

(c:/texlive/2024/texmf-dist/tex/latex/auxhook/auxhook.sty
Package: auxhook 2019-12-17 v1.6 Hooks for auxiliary files (HO)
)
Package zref Info: New property list: main on input line 767.
Package zref Info: New property: default on input line 768.
Package zref Info: New property: page on input line 769.
)
(c:/texlive/2024/texmf-dist/tex/latex/zref/zref-abspage.sty
Package: zref-abspage 2023-09-14 v2.35 Module abspage for zref (HO)
\c@abspage=\count333
Package zref Info: New property: abspage on input line 67.
)
Package zref Info: New property: pagevalue on input line 57.
Package zref Info: New property list: perpage on input line 58.
\c@zpage=\count334
\c@zref@unique=\count335
)
(c:/texlive/2024/texmf-dist/tex/latex/bigfoot/perpage.sty
Package: perpage 2014/10/25 2.0 Reset/sort counters per page
)
\c@pp@a@footnote=\count336

(c:/texlive/2024/texmf-dist/tex/latex/cite/cite.sty
LaTeX Info: Redefining \cite on input line 302.
LaTeX Info: Redefining \nocite on input line 332.
Package: cite 2015/02/27  v 5.5
)
(c:/texlive/2024/texmf-dist/tex/latex/parskip/parskip.sty
Package: parskip 2021-03-14 v2.0h non-zero parskip adjustments
)
(c:/texlive/2024/texmf-dist/tex/latex/graphics/dvipsnam.def
File: dvipsnam.def 2016/06/17 v3.0m Driver-dependent file (DPC,SPQR)
)
(c:/texlive/2024/texmf-dist/tex/latex/base/makeidx.sty
Package: makeidx 2021/10/04 v1.0m Standard LaTeX package
)
(c:/texlive/2024/texmf-dist/tex/latex/tools/verbatim.sty
Package: verbatim 2024-01-22 v1.5x LaTeX2e package for verbatim enhancements
\every@verbatim=\toks51
\verbatim@line=\toks52
\verbatim@in@stream=\read3
)
(c:/texlive/2024/texmf-dist/tex/latex/caption/caption.sty
Package: caption 2023/08/05 v3.6o Customizing captions (AR)

(c:/texlive/2024/texmf-dist/tex/latex/caption/caption3.sty
Package: caption3 2023/07/31 v2.4d caption3 kernel (AR)
\caption@tempdima=\dimen310
\captionmargin=\dimen311
\caption@leftmargin=\dimen312
\caption@rightmargin=\dimen313
\caption@width=\dimen314
\caption@indent=\dimen315
\caption@parindent=\dimen316
\caption@hangindent=\dimen317
Package caption Info: Standard document class detected.
)
\c@caption@flags=\count337
\c@continuedfloat=\count338
Package caption Info: hyperref package is loaded.
)
(c:/texlive/2024/texmf-dist/tex/latex/enumitem/enumitem.sty
Package: enumitem 2019/06/20 v3.9 Customized lists
\enitkv@toks@=\toks53
\labelindent=\skip59
\enit@outerparindent=\dimen318
\enit@toks=\toks54
\enit@inbox=\box68
\enit@count@id=\count339
\enitdp@description=\count340
)
(c:/texlive/2024/texmf-dist/tex/latex/qcircuit/qcircuit.sty
Package: qcircuit 2018/08/14

(c:/texlive/2024/texmf-dist/tex/generic/xypic/xy.sty
(c:/texlive/2024/texmf-dist/tex/generic/xypic/xy.tex Bootstrap'ing: catcodes,
docmode, (c:/texlive/2024/texmf-dist/tex/generic/xypic/xyrecat.tex)
(c:/texlive/2024/texmf-dist/tex/generic/xypic/xyidioms.tex)

 Xy-pic version 3.8.9 <2013/10/06>
 Copyright (c) 1991-2013 by Kristoffer H. Rose <krisrose@tug.org> and others
 Xy-pic is free software: see the User's Guide for details.

Loading kernel: messages; fonts; allocations: state,
\X@c=\dimen319
\Y@c=\dimen320
\U@c=\dimen321
\D@c=\dimen322
\L@c=\dimen323
\R@c=\dimen324
\Edge@c=\toks55
\X@p=\dimen325
\Y@p=\dimen326
\U@p=\dimen327
\D@p=\dimen328
\L@p=\dimen329
\R@p=\dimen330
\Edge@p=\toks56
\X@origin=\dimen331
\Y@origin=\dimen332
\X@xbase=\dimen333
\Y@xbase=\dimen334
\X@ybase=\dimen335
\Y@ybase=\dimen336
\X@min=\dimen337
\Y@min=\dimen338
\X@max=\dimen339
\Y@max=\dimen340
\lastobjectbox@=\box69
\zerodotbox@=\box70
\almostz@=\dimen341
 direction,
\d@X=\dimen342
\d@Y=\dimen343
\K@=\count341
\KK@=\count342
\Direction=\count343
\K@dXdY=\dimen344
\K@dYdX=\dimen345
\xyread@=\read4
\xywrite@=\write4
\csp@=\count344
\quotPTK@=\dimen346

utility macros; pictures: \xy, positions,
\swaptoks@@=\toks57
\connectobjectbox@@=\box71
 objects,
\styletoks@=\toks58
 decorations;
kernel objects: directionals, circles, text; options; algorithms: directions,
edges, connections;  Xy-pic loaded)
(c:/texlive/2024/texmf-dist/tex/generic/iftex/ifpdf.sty
Package: ifpdf 2019/10/25 v3.4 ifpdf legacy package. Use iftex instead.
)
Package: xy 2013/10/06 Xy-pic version 3.8.9
)
(c:/texlive/2024/texmf-dist/tex/generic/xypic/xymatrix.tex
 Xy-pic option: Matrix feature v.3.14
\Row=\count345
\Col=\count346
\queue@=\toks59
\queue@@=\toks60
\qcount@=\count347
\qcount@@=\count348
\matrixsize@=\count349
 loaded)
(c:/texlive/2024/texmf-dist/tex/generic/xypic/xyframe.tex
 Xy-pic option: Frame and Bracket extension v.3.14 loaded)
(c:/texlive/2024/texmf-dist/tex/generic/xypic/xyarrow.tex
 Xy-pic option: Arrow and Path feature v.3.9 path, \ar, loaded)
(c:/texlive/2024/texmf-dist/tex/generic/xypic/xyarc.tex
 Xy-pic option: Circle, Ellipse, Arc feature v.3.8
(c:/texlive/2024/texmf-dist/tex/generic/xypic/xycurve.tex
 Xy-pic option: Curve and Spline extension v.3.12 curve,
\crv@cnt@=\count350
\crvpts@=\toks61
\splinebox@=\box72
\splineval@=\dimen347
\splinedepth@=\dimen348
\splinetol@=\dimen349
\splinelength@=\dimen350
 circles,
\L@=\dimen351
 loaded)
circles, ellipses, elliptical arcs, loaded)

Package Qcircuit Warning: qcircuit is not loading in PDF mode. Activating all X
y-pic features to compensate. If you wish to use specific drivers for Xy-pic, y
ou must modify the code in qcircuit.sty.

(c:/texlive/2024/texmf-dist/tex/generic/xypic/xyall.tex
 Xy-pic option: All features v.3.8
(c:/texlive/2024/texmf-dist/tex/generic/xypic/xycmtip.tex
 Xy-pic option: Computer Modern tip extension v.3.7
(c:/texlive/2024/texmf-dist/tex/generic/xypic/xytips.tex
 Xy-pic option: More Tips extension v.3.11 loaded) loaded)
(c:/texlive/2024/texmf-dist/tex/generic/xypic/xyline.tex
 Xy-pic option: Line styles extension v.3.10
\xylinethick@=\dimen352
 loaded)
(c:/texlive/2024/texmf-dist/tex/generic/xypic/xyrotate.tex
 Xy-pic option: Rotate and Scale extension v.3.8 loaded)
(c:/texlive/2024/texmf-dist/tex/generic/xypic/xycolor.tex
 Xy-pic option: Colour extension v.3.11 loaded)
(c:/texlive/2024/texmf-dist/tex/generic/xypic/xygraph.tex
 Xy-pic option: Graph feature v.3.11 loaded) loaded))
(c:/texlive/2024/texmf-dist/tex/latex/colortbl/colortbl.sty
Package: colortbl 2024/07/06 v1.0i Color table columns (DPC)

(c:/texlive/2024/texmf-dist/tex/latex/tools/array.sty
Package: array 2024/06/14 v2.6d Tabular extension package (FMi)
\col@sep=\dimen353
\ar@mcellbox=\box73
\extrarowheight=\dimen354
\NC@list=\toks62
\extratabsurround=\skip60
\backup@length=\skip61
\ar@cellbox=\box74
)
\everycr=\toks63
\minrowclearance=\skip62
\rownum=\count351
)
(c:/texlive/2024/texmf-dist/tex/latex/caption/subcaption.sty
Package: subcaption 2023/07/28 v1.6b Sub-captions (AR)
Package caption Info: New subtype `subfigure' on input line 238.
\c@subfigure=\count352
Package caption Info: New subtype `subtable' on input line 238.
\c@subtable=\count353
)
(c:/texlive/2024/texmf-dist/tex/xelatex/xepersian/xepersian.sty
Package: xepersian 2023/08/30 v25.0 (Release Women, Life, and Freedom) Persian 
typesetting in XeLaTeX

(c:/texlive/2024/texmf-dist/tex/latex/fontspec/fontspec.sty
(c:/texlive/2024/texmf-dist/tex/latex/l3packages/xparse/xparse.sty
(c:/texlive/2024/texmf-dist/tex/latex/l3kernel/expl3.sty
Package: expl3 2024-08-16 L3 programming layer (loader) 

(c:/texlive/2024/texmf-dist/tex/latex/l3backend/l3backend-xetex.def
File: l3backend-xetex.def 2024-05-08 L3 backend support: XeTeX
\g__graphics_track_int=\count354
\l__pdf_internal_box=\box75
\g__pdf_backend_annotation_int=\count355
\g__pdf_backend_link_int=\count356
))
Package: xparse 2024-08-16 L3 Experimental document command parser
)
Package: fontspec 2024/05/11 v2.9e Font selection for XeLaTeX and LuaLaTeX

(c:/texlive/2024/texmf-dist/tex/latex/fontspec/fontspec-xetex.sty
Package: fontspec-xetex 2024/05/11 v2.9e Font selection for XeLaTeX and LuaLaTe
X
\l__fontspec_script_int=\count357
\l__fontspec_language_int=\count358
\l__fontspec_strnum_int=\count359
\l__fontspec_tmp_int=\count360
\l__fontspec_tmpa_int=\count361
\l__fontspec_tmpb_int=\count362
\l__fontspec_tmpc_int=\count363
\l__fontspec_em_int=\count364
\l__fontspec_emdef_int=\count365
\l__fontspec_strong_int=\count366
\l__fontspec_strongdef_int=\count367
\l__fontspec_tmpa_dim=\dimen355
\l__fontspec_tmpb_dim=\dimen356
\l__fontspec_tmpc_dim=\dimen357

(c:/texlive/2024/texmf-dist/tex/latex/base/fontenc.sty
Package: fontenc 2021/04/29 v2.0v Standard LaTeX package
)
(c:/texlive/2024/texmf-dist/tex/latex/fontspec/fontspec.cfg)))
(c:/texlive/2024/texmf-dist/tex/xelatex/xepersian/xepersian-persiancal.sty
Package: xepersian-persiancal 2012/07/25 v0.2 provides Persian calendar
\XePersian@i=\count368
\XePersian@y=\count369
\XePersian@m=\count370
\XePersian@d=\count371
\XePersian@latini=\count372
\XePersian@persiani=\count373
\XePersian@latinii=\count374
\XePersian@persianii=\count375
\XePersian@latiniii=\count376
\XePersian@persianiii=\count377
\XePersian@latiniv=\count378
\XePersian@persianiv=\count379
\XePersian@latinv=\count380
\XePersian@persianv=\count381
\XePersian@latinvi=\count382
\XePersian@persianvi=\count383
\XePersian@latinvii=\count384
\XePersian@persianvii=\count385
\XePersian@latinviii=\count386
\XePersian@persianviii=\count387
\XePersian@latinix=\count388
\XePersian@persianix=\count389
\XePersian@latinx=\count390
\XePersian@persianx=\count391
\XePersian@latinxi=\count392
\XePersian@persianxi=\count393
\XePersian@latinxii=\count394
\XePersian@persianxii=\count395
\XePersian@persianxiii=\count396
\XePersian@temp=\count397
\XePersian@temptwo=\count398
\XePersian@tempthree=\count399
\XePersian@yModHundred=\count400
\XePersian@thirtytwo=\count401
\XePersian@dn=\count402
\XePersian@sn=\count403
\XePersian@mminusone=\count404
)
(c:/texlive/2024/texmf-dist/tex/xelatex/xepersian/xepersian-mathdigitspec.sty
Package: xepersian-mathdigitspec 2022/05/20 v1.2.0 Unicode Persian math digits 
in XeLaTeX
)
(c:/texlive/2024/texmf-dist/tex/xelatex/bidi/bidi.sty
Package: bidi 2023/08/02 v39.8 (Release Donald Ervin Knuth) Bidirectional types
etting in plain TeX and LaTeX

****************************************************
* 
* bidi package (Bidirectional typesetting in
* plain TeX and LaTeX, using XeTeX engine)
* 
* Description: A convenient interface for
* typesetting bidirectional texts in plain TeX
* and LaTeX. The package includes adaptations
* for use with many other commonly-used packages.
* 
* Copyright (c) 2007--2023 Vafa Khalighi
* Copyright (c) 2018--2020 bidi-tex GitHub organization
* 
* v39.8 (Release Donald Ervin Knuth), 2023/08/02
* 
* License: LaTeX Project Public License, version
* 1.3c or higher (your choice)
* 
* Location on CTAN: /macros/xetex/latex/bidi
* 
* Issue tracker: https://github.com/kvafa/bidi/issues
* 
* Discussions: https://github.com/kvafa/bidi/discussions
* 
* Primary author of bidi package: Vafa Khalighi.
* 
****************************************************
(c:/texlive/2024/texmf-dist/tex/xelatex/bidi/biditools.sty
Package: biditools 2022/06/15 v2.3 Programming tools for bidi package
\@bidi@envbody=\toks64
\@bidi@emptytoks=\toks65
\bidi@poscount=\count405
\bidi@tempcountb=\count406
\bidi@temptoksa=\toks66
\bidi@temptoksb=\toks67
\bidi@dummies=\count407
\bidi@are@these@correct=\toks68
\bidi@toks@lista=\toks69
\bidi@toks@listb=\toks70
\bidi@stack@length=\count408
\bidi@empty@stack=\toks71
\bidi@looprepeat@depth=\count409
)
\@bidi@copyins@=\insert252

(c:/texlive/2024/texmf-dist/tex/xelatex/bidi/latex-xetex-bidi.def
File: latex-xetex-bidi.def 2022/07/04 v1.4.9 bidi adaptations for `latex.ltx' f
or XeTeX engine
\bidi@n@everypar=\toks72
\bidi@column@check@number=\count410

(c:/texlive/2024/texmf-dist/tex/xelatex/bidi/footnote-xetex-bidi.def
File: footnote-xetex-bidi.def 2023/01/18 v1.2 bidi footnote macros for XeTeX en
gine
\c@footdir@label=\count411
\footdir@toks=\toks73
)
(c:/texlive/2024/texmf-dist/tex/xelatex/bidi/report-xetex-bidi.def
File: report-xetex-bidi.def 2017/06/09 v0.8 bidi adaptations for standard repor
t class for XeTeX engine
)
(c:/texlive/2024/texmf-dist/tex/xelatex/bidi/amsmath-xetex-bidi.def
File: amsmath-xetex-bidi.def 2020/05/16 v1.2 bidi adaptations for amsmath packa
ge for XeTeX engine
)
(c:/texlive/2024/texmf-dist/tex/xelatex/bidi/amstext-xetex-bidi.def
File: amstext-xetex-bidi.def 2016/09/12 v0.2 bidi adaptations for amstext packa
ge for XeTeX engine
)
(c:/texlive/2024/texmf-dist/tex/xelatex/bidi/caption-xetex-bidi.def
File: caption-xetex-bidi.def 2010/07/25 v0.1 bidi adaptations for caption packa
ge for XeTeX engine
)
(c:/texlive/2024/texmf-dist/tex/xelatex/bidi/caption3-xetex-bidi.def
File: caption3-xetex-bidi.def 2013/04/01 v0.1 bidi adaptations for caption3 pac
kage for XeTeX engine
)
(c:/texlive/2024/texmf-dist/tex/xelatex/bidi/color-xetex-bidi.def
File: color-xetex-bidi.def 2013/04/08 v0.2 bidi adaptations for color package f
or XeTeX engine
LaTeX Info: Redefining \color on input line 49.
)
(c:/texlive/2024/texmf-dist/tex/xelatex/bidi/xcolor-xetex-bidi.def
File: xcolor-xetex-bidi.def 2022/06/13 v0.3 bidi adaptations for xcolor package
 for XeTeX engine
LaTeX Info: Redefining \color on input line 48.
LaTeX Info: Redefining \bidicolor on input line 91.
)
(c:/texlive/2024/texmf-dist/tex/xelatex/bidi/colortbl-xetex-bidi.def
File: colortbl-xetex-bidi.def 2012/06/10 v0.2 bidi adaptations for colortbl pac
kage for XeTeX engine
)
(c:/texlive/2024/texmf-dist/tex/xelatex/bidi/graphicx-xetex-bidi.def
File: graphicx-xetex-bidi.def 2017/06/17 v0.5 bidi adaptations for graphicx pac
kage for XeTeX engine
)
(c:/texlive/2024/texmf-dist/tex/xelatex/bidi/geometry-xetex-bidi.def
File: geometry-xetex-bidi.def 2017/01/14 v0.2 bidi adaptations for geometry pac
kage for XeTeX engine
)
(c:/texlive/2024/texmf-dist/tex/xelatex/bidi/hyperref-xetex-bidi.def
File: hyperref-xetex-bidi.def 2018/11/11 v1.1 bidi adaptations for hyperref pac
kage for XeTeX engine
)
(c:/texlive/2024/texmf-dist/tex/xelatex/bidi/pgfcorescopes.code-xetex-bidi.def
File: pgfcorescopes.code-xetex-bidi.def 2015/11/14 v0.1 bidi adaptations for pg
f package for XeTeX engine
) (c:/texlive/2024/texmf-dist/tex/xelatex/bidi/array-xetex-bidi.def
File: array-xetex-bidi.def 2015/11/07 v0.3 bidi adaptations for array package f
or XeTeX engine
)
(c:/texlive/2024/texmf-dist/tex/xelatex/bidi/soul-xetex-bidi.def
File: soul-xetex-bidi.def 2015/10/16 v0.1 bidi adaptations for soul package for
 XeTeX engine
)
(c:/texlive/2024/texmf-dist/tex/xelatex/bidi/pgfsys.code-xetex-bidi.def
File: pgfsys.code-xetex-bidi.def 2022/06/01 v0.1 bidi adaptations for pgfsys.co
de.tex file for XeTeX engine
)
(c:/texlive/2024/texmf-dist/tex/xelatex/bidi/tc-xetex-bidi.def
File: tc-xetex-bidi.def 2014/07/08 v0.1 bidi adaptations for Clipping driver fo
r XeTeX engine
)
(c:/texlive/2024/texmf-dist/tex/xelatex/bidi/todonotes-xetex-bidi.def
File: todonotes-xetex-bidi.def 2016/11/08 v0.4 bidi adaptations for todonotes p
ackage for XeTeX engine
))
(c:/texlive/2024/texmf-dist/tex/xelatex/bidi/loadingorder-xetex-bidi.def
File: loadingorder-xetex-bidi.def 2017/12/29 v0.97 making sure that bidi is the
 last package loaded
)
\bidi@digits=\count412
\bidi@digits@charclass=\XeTeXcharclass1
\bidi@sepmark@charclass=\XeTeXcharclass2
)
****************************************************
* 
* xepersian package (Persian for LaTeX, using XeTeX engine)
* 
* Description: The package supports Persian
* typesetting, using fonts provided in the
* distribution.
* 
* Copyright (c) 2008--2023 Vafa Khalighi
* Copyright (c) 2018--2020 bidi-tex GitHub Organization
* 
* v25.0 (Release Women, Life, and Freedom), 2023/08/30
* 
* License: LaTeX Project Public License, version
* 1.3c or higher (your choice)
* 
* Location on CTAN: /macros/xetex/latex/xepersian
* 
* Issue tracker: https://github.com/kvafa/xepersian/issues
* 
* Discussions: https://github.com/kvafa/xepersian/discussions
* 
* Primary author of xepersian package: Vafa Khalighi.
* 
****************************************************
\xepersian@tcl=\count413
\xepersian@ilg=\dimen358
\xepersian@strutilg=\dimen359
(c:/texlive/2024/texmf-dist/tex/xelatex/xepersian/loadingorder-xepersian.def
File: loadingorder-xepersian.def 2018/09/29 v0.5 making sure that xepersian is 
the last package loaded
)
(c:/texlive/2024/texmf-dist/tex/xelatex/xepersian/footnote-xepersian.def
File: footnote-xepersian.def 2017/08/09 v0.6 footnote macros for xepersian pack
age
)
(c:/texlive/2024/texmf-dist/tex/xelatex/xepersian/enumitem-xepersian.def
File: enumitem-xepersian.def 2017/09/06 v0.1 adaptations for enumitem package
)
(c:/texlive/2024/texmf-dist/tex/xelatex/xepersian/hyperref-xepersian.def
File: hyperref-xepersian.def 2022/10/30 v0.8 xepersian adaptations for hyperref
 package
)
(c:/texlive/2024/texmf-dist/tex/xelatex/xepersian/soul-xepersian.def
File: soul-xepersian.def 2018/12/12 v0.2 adaptations for soul package

Package fontspec Info: 
(fontspec)             Font family 'TimesNewRoman(0)' created for font 'Times
(fontspec)             New Roman' with options
(fontspec)             [BoldFont={},ItalicFont={},SmallCapsFont={}].
(fontspec)              
(fontspec)              This font family consists of the following NFSS
(fontspec)             series/shapes:
(fontspec)              
(fontspec)             - 'normal' (m/n) with NFSS spec.: <->"Times New
(fontspec)             Roman/OT:script=latn;language=dflt;"

)
(c:/texlive/2024/texmf-dist/tex/xelatex/xepersian/url-xepersian.def
File: url-xepersian.def 2022/02/18 v0.1 adaptations for url package
)
(c:/texlive/2024/texmf-dist/tex/xelatex/xepersian/report-xepersian.def
File: report-xepersian.def 2010/07/25 v0.2 adaptations for standard report clas
s
)

Package fontspec Info: 
(fontspec)             Font family 'lmroman10-regular(0)' created for font
(fontspec)             'lmroman10-regular' with options
(fontspec)             [Ligatures=TeX,Path,BoldFont={lmroman10-bold},BoldItalic
Font={lmroman10-bolditalic},ItalicFont={lmroman10-italic},SmallCapsFont={lmroma
ncaps10-regular},SlantedFont={lmromanslant10-regular},BoldSlantedFont={lmromans
lant10-bold}].
(fontspec)              
(fontspec)              This font family consists of the following NFSS
(fontspec)             series/shapes:
(fontspec)              
(fontspec)             - 'normal' (m/n) with NFSS spec.:
(fontspec)             <->"[lmroman10-regular]/OT:script=latn;language=dflt;map
ping=tex-text;"
(fontspec)             - 'small caps'  (m/sc) with NFSS spec.:
(fontspec)             <->"[lmromancaps10-regular]/OT:script=latn;language=dflt
;mapping=tex-text;"
(fontspec)             - 'bold' (b/n) with NFSS spec.:
(fontspec)             <->"[lmroman10-bold]/OT:script=latn;language=dflt;mappin
g=tex-text;"
(fontspec)             - 'bold small caps'  (b/sc) with NFSS spec.:
(fontspec)             <->"[lmromancaps10-regular]/OT:script=latn;language=dflt
;mapping=tex-text;"
(fontspec)             - 'italic' (m/it) with NFSS spec.:
(fontspec)             <->"[lmroman10-italic]/OT:script=latn;language=dflt;mapp
ing=tex-text;"
(fontspec)             - 'italic small caps'  (m/scit) with NFSS spec.:
(fontspec)             <->"[lmromancaps10-regular]/OT:script=latn;language=dflt
;mapping=tex-text;"
(fontspec)             - 'slanted' (m/sl) with NFSS spec.:
(fontspec)             <->"[lmromanslant10-regular]/OT:script=latn;language=dfl
t;mapping=tex-text;"
(fontspec)             - 'slanted small caps'  (m/scsl) with NFSS spec.:
(fontspec)             <->"[lmromancaps10-regular]/OT:script=latn;language=dflt
;mapping=tex-text;"
(fontspec)             - 'bold italic' (b/it) with NFSS spec.:
(fontspec)             <->"[lmroman10-bolditalic]/OT:script=latn;language=dflt;
mapping=tex-text;"
(fontspec)             - 'bold italic small caps'  (b/scit) with NFSS spec.:
(fontspec)             <->"[lmromancaps10-regular]/OT:script=latn;language=dflt
;mapping=tex-text;"
(fontspec)             - 'bold slanted' (b/sl) with NFSS spec.:
(fontspec)             <->"[lmromanslant10-bold]/OT:script=latn;language=dflt;m
apping=tex-text;"
(fontspec)             - 'bold slanted small caps'  (b/scsl) with NFSS spec.:
(fontspec)             <->"[lmromancaps10-regular]/OT:script=latn;language=dflt
;mapping=tex-text;"

)
(c:/texlive/2024/texmf-dist/tex/latex/fncychap/fncychap.sty
Package: fncychap 2007/07/30 v1.34 LaTeX package (Revised chapters)
\RW=\skip63
\mylen=\skip64
\myhi=\skip65
\px=\skip66
\py=\skip67
\pyy=\skip68
\pxx=\skip69
)

Package fontspec Info: 
(fontspec)             XB Niloofar scale = 1.07.


Package fontspec Info: 
(fontspec)             XB Niloofar scale = 1.07.


Package fontspec Info: 
(fontspec)             XB NiloofarBd scale = 1.07.


Package fontspec Info: 
(fontspec)             XB NiloofarIt scale = 1.07.


Package fontspec Info: 
(fontspec)             XB NiloofarBdIt scale = 1.07.


Package fontspec Info: 
(fontspec)             Font family 'XBNiloofar(0)' created for font 'XB
(fontspec)             Niloofar' with options
(fontspec)             [RawFeature={script=arab},Ligatures=PersianTeX,Scale=1.0
7,Path=./XB
(fontspec)             Niloofar font family/,Extension =
(fontspec)             .ttf,UprightFont=*,BoldFont=*Bd,ItalicFont=*It,BoldItali
cFont=*BdIt].
(fontspec)              
(fontspec)              This font family consists of the following NFSS
(fontspec)             series/shapes:
(fontspec)              
(fontspec)             - 'normal' (m/n) with NFSS spec.: <->s*[1.07]"[./XB
(fontspec)             Niloofar font family/XB
(fontspec)             Niloofar.ttf]/OT:script=latn;language=dflt;script=arab;m
apping=persian-tex-text;"
(fontspec)             - 'bold' (b/n) with NFSS spec.: <->s*[1.07]"[./XB
(fontspec)             Niloofar font family/XB
(fontspec)             NiloofarBd.ttf]/OT:script=latn;language=dflt;script=arab
;mapping=persian-tex-text;"
(fontspec)             - 'italic' (m/it) with NFSS spec.: <->s*[1.07]"[./XB
(fontspec)             Niloofar font family/XB
(fontspec)             NiloofarIt.ttf]/OT:script=latn;language=dflt;script=arab
;mapping=persian-tex-text;"
(fontspec)             - 'bold italic' (b/it) with NFSS spec.:
(fontspec)             <->s*[1.07]"[./XB Niloofar font family/XB
(fontspec)             NiloofarBdIt.ttf]/OT:script=latn;language=dflt;script=ar
ab;mapping=persian-tex-text;"

LaTeX Font Info:    Font shape `TU/XBNiloofar(0)/m/n' will be
(Font)              scaled to size 12.84009pt on input line 68.

Package fontspec Info: 
(fontspec)             XB Niloofar scale = 1.05.


Package fontspec Info: 
(fontspec)             XB Niloofar scale = 1.05.


Package fontspec Info: 
(fontspec)             XB Niloofar/B scale = 1.05.


Package fontspec Info: 
(fontspec)             XB Niloofar/I scale = 1.05.


Package fontspec Info: 
(fontspec)             XB Niloofar/BI scale = 1.05.


Package fontspec Info: 
(fontspec)             Font family 'XBNiloofar(1)' created for font 'XB
(fontspec)             Niloofar' with options [Ligatures=TeX,Scale=1.05].
(fontspec)              
(fontspec)              This font family consists of the following NFSS
(fontspec)             series/shapes:
(fontspec)              
(fontspec)             - 'normal' (m/n) with NFSS spec.: <->s*[1.05]"XB
(fontspec)             Niloofar/OT:script=latn;language=dflt;mapping=tex-text;"

(fontspec)             - 'bold' (b/n) with NFSS spec.: <->s*[1.05]"XB
(fontspec)             Niloofar/B/OT:script=latn;language=dflt;mapping=tex-text
;"
(fontspec)             - 'italic' (m/it) with NFSS spec.: <->s*[1.05]"XB
(fontspec)             Niloofar/I/OT:script=latn;language=dflt;mapping=tex-text
;"
(fontspec)             - 'bold italic' (b/it) with NFSS spec.: <->s*[1.05]"XB
(fontspec)             Niloofar/BI/OT:script=latn;language=dflt;mapping=tex-tex
t;"

LaTeX Info: Redefining \latinfont on input line 70.

Package fontspec Info: 
(fontspec)             Yas scale = 1.05.


Package fontspec Info: 
(fontspec)             Yas scale = 1.05.


Package fontspec Info: 
(fontspec)             Yas Bd scale = 1.05.


Package fontspec Info: 
(fontspec)             Yas It scale = 1.05.


Package fontspec Info: 
(fontspec)             Yas BdIt scale = 1.05.


Package fontspec Info: 
(fontspec)             Font family 'Yas(0)' created for font 'Yas' with
(fontspec)             options [Ligatures=PersianTeX,Scale=1.05,Path=./Yas
(fontspec)             font/,Extension = .ttf,UprightFont=*,BoldFont=*
(fontspec)             Bd,ItalicFont=* It,BoldItalicFont=* BdIt].
(fontspec)              
(fontspec)              This font family consists of the following NFSS
(fontspec)             series/shapes:
(fontspec)              
(fontspec)             - 'normal' (m/n) with NFSS spec.: <->s*[1.05]"[./Yas
(fontspec)             font/Yas.ttf]/OT:script=latn;language=dflt;mapping=persi
an-tex-text;"
(fontspec)             - 'bold' (b/n) with NFSS spec.: <->s*[1.05]"[./Yas
(fontspec)             font/Yas
(fontspec)             Bd.ttf]/OT:script=latn;language=dflt;mapping=persian-tex
-text;"
(fontspec)             - 'italic' (m/it) with NFSS spec.: <->s*[1.05]"[./Yas
(fontspec)             font/Yas
(fontspec)             It.ttf]/OT:script=latn;language=dflt;mapping=persian-tex
-text;"
(fontspec)             - 'bold italic' (b/it) with NFSS spec.:
(fontspec)             <->s*[1.05]"[./Yas font/Yas
(fontspec)             BdIt.ttf]/OT:script=latn;language=dflt;mapping=persian-t
ex-text;"


Package fontspec Info: 
(fontspec)             Yas scale = 1.05.

Package xepersian-mathdigitspec Info: DefiningthedefaultPersianmathdigitsfontas
'Yas' on input line 86.
\symOPERATORS=\mathgroup4
\symnew@mathbf@font@digits=\mathgroup5
\symnew@mathit@font@digits=\mathgroup6
\symnew@mathrm@font@digits=\mathgroup7

Package fontspec Info: 
(fontspec)             IranNastaliq scale = 2.0.


Package fontspec Info: 
(fontspec)             IranNastaliq scale = 2.0.


Package fontspec Info: 
(fontspec)             IranNastaliq scale = 2.0.


Package fontspec Info: 
(fontspec)             IranNastaliq scale = 2.0.


Package fontspec Info: 
(fontspec)             IranNastaliq scale = 2.0.


Package fontspec Info: 
(fontspec)             Font family 'IranNastaliq(0)' created for font
(fontspec)             'IranNastaliq' with options
(fontspec)             [RawFeature={script=arab},Ligatures=PersianTeX,Scale=2.0
,Path=./Iran
(fontspec)             Nastaliq font/,Extension =
(fontspec)             .ttf,UprightFont=*,BoldFont=*,ItalicFont=*,BoldItalicFon
t=*].
(fontspec)              
(fontspec)              This font family consists of the following NFSS
(fontspec)             series/shapes:
(fontspec)              
(fontspec)             - 'normal' (m/n) with NFSS spec.: <->s*[2.0]"[./Iran
(fontspec)             Nastaliq
(fontspec)             font/IranNastaliq.ttf]/OT:language=dflt;script=arab;mapp
ing=persian-tex-text;"
(fontspec)             - 'bold' (b/n) with NFSS spec.: <->s*[2.0]"[./Iran
(fontspec)             Nastaliq
(fontspec)             font/IranNastaliq.ttf]/OT:language=dflt;script=arab;mapp
ing=persian-tex-text;"
(fontspec)             - 'italic' (m/it) with NFSS spec.: <->s*[2.0]"[./Iran
(fontspec)             Nastaliq
(fontspec)             font/IranNastaliq.ttf]/OT:language=dflt;script=arab;mapp
ing=persian-tex-text;"
(fontspec)             - 'bold italic' (b/it) with NFSS spec.:
(fontspec)             <->s*[2.0]"[./Iran Nastaliq
(fontspec)             font/IranNastaliq.ttf]/OT:language=dflt;script=arab;mapp
ing=persian-tex-text;"


Package fontspec Info: 
(fontspec)             IranNastaliq scale = 1.0.


Package fontspec Info: 
(fontspec)             IranNastaliq scale = 1.0.


Package fontspec Info: 
(fontspec)             IranNastaliq scale = 1.0.


Package fontspec Info: 
(fontspec)             IranNastaliq scale = 1.0.


Package fontspec Info: 
(fontspec)             IranNastaliq scale = 1.0.


Package fontspec Info: 
(fontspec)             Font family 'IranNastaliq(1)' created for font
(fontspec)             'IranNastaliq' with options
(fontspec)             [RawFeature={script=arab},Ligatures=PersianTeX,Scale=1.0
,Path=./Iran
(fontspec)             Nastaliq font/,Extension =
(fontspec)             .ttf,UprightFont=*,BoldFont=*,ItalicFont=*,BoldItalicFon
t=*].
(fontspec)              
(fontspec)              This font family consists of the following NFSS
(fontspec)             series/shapes:
(fontspec)              
(fontspec)             - 'normal' (m/n) with NFSS spec.: <->s*[1.0]"[./Iran
(fontspec)             Nastaliq
(fontspec)             font/IranNastaliq.ttf]/OT:language=dflt;script=arab;mapp
ing=persian-tex-text;"
(fontspec)             - 'bold' (b/n) with NFSS spec.: <->s*[1.0]"[./Iran
(fontspec)             Nastaliq
(fontspec)             font/IranNastaliq.ttf]/OT:language=dflt;script=arab;mapp
ing=persian-tex-text;"
(fontspec)             - 'italic' (m/it) with NFSS spec.: <->s*[1.0]"[./Iran
(fontspec)             Nastaliq
(fontspec)             font/IranNastaliq.ttf]/OT:language=dflt;script=arab;mapp
ing=persian-tex-text;"
(fontspec)             - 'bold italic' (b/it) with NFSS spec.:
(fontspec)             <->s*[1.0]"[./Iran Nastaliq
(fontspec)             font/IranNastaliq.ttf]/OT:language=dflt;script=arab;mapp
ing=persian-tex-text;"


Package fontspec Info: 
(fontspec)             XP Ziba scale = 1.2.


Package fontspec Info: 
(fontspec)             XP Ziba scale = 1.2.


Package fontspec Info: 
(fontspec)             XP ZibaBd scale = 1.2.


Package fontspec Info: 
(fontspec)             XP ZibaIt scale = 1.2.


Package fontspec Info: 
(fontspec)             XP ZibaBdIt scale = 1.2.


Package fontspec Info: 
(fontspec)             Font family 'XPZiba(0)' created for font 'XP Ziba' with
(fontspec)             options
(fontspec)             [RawFeature={script=arab},Ligatures=PersianTeX,Scale=1.2
,Path=./XB
(fontspec)             Ziba font family/,Extension =
(fontspec)             .ttf,UprightFont=*,BoldFont=*Bd,ItalicFont=*It,BoldItali
cFont=*BdIt].
(fontspec)              
(fontspec)              This font family consists of the following NFSS
(fontspec)             series/shapes:
(fontspec)              
(fontspec)             - 'normal' (m/n) with NFSS spec.: <->s*[1.2]"[./XB Ziba
(fontspec)             font family/XP
(fontspec)             Ziba.ttf]/OT:script=latn;language=dflt;script=arab;mappi
ng=persian-tex-text;"
(fontspec)             - 'bold' (b/n) with NFSS spec.: <->s*[1.2]"[./XB Ziba
(fontspec)             font family/XP
(fontspec)             ZibaBd.ttf]/OT:script=latn;language=dflt;script=arab;map
ping=persian-tex-text;"
(fontspec)             - 'italic' (m/it) with NFSS spec.: <->s*[1.2]"[./XB
(fontspec)             Ziba font family/XP
(fontspec)             ZibaIt.ttf]/OT:script=latn;language=dflt;script=arab;map
ping=persian-tex-text;"
(fontspec)             - 'bold italic' (b/it) with NFSS spec.:
(fontspec)             <->s*[1.2]"[./XB Ziba font family/XP
(fontspec)             ZibaBdIt.ttf]/OT:script=latn;language=dflt;script=arab;m
apping=persian-tex-text;"

\@indexfile=\write5
\openout5 = `main.idx'.


Writing index file main.idx
) (./main.aux (./introduction.aux) (./chapter_1.aux) (./chapter_2.aux)
(./chapter_3.aux) (./chapter_4.aux))
\openout1 = `main.aux'.

LaTeX Font Info:    Checking defaults for OML/cmm/m/it on input line 10.
LaTeX Font Info:    ... okay on input line 10.
LaTeX Font Info:    Checking defaults for OMS/cmsy/m/n on input line 10.
LaTeX Font Info:    ... okay on input line 10.
LaTeX Font Info:    Checking defaults for OT1/cmr/m/n on input line 10.
LaTeX Font Info:    ... okay on input line 10.
LaTeX Font Info:    Checking defaults for T1/cmr/m/n on input line 10.
LaTeX Font Info:    ... okay on input line 10.
LaTeX Font Info:    Checking defaults for TS1/cmr/m/n on input line 10.
LaTeX Font Info:    Trying to load font information for TS1+cmr on input line 1
0.

(c:/texlive/2024/texmf-dist/tex/latex/base/ts1cmr.fd
File: ts1cmr.fd 2023/04/13 v2.5m Standard LaTeX font definitions
)
LaTeX Font Info:    ... okay on input line 10.
LaTeX Font Info:    Checking defaults for TU/lmr/m/n on input line 10.
LaTeX Font Info:    ... okay on input line 10.
LaTeX Font Info:    Checking defaults for OMX/cmex/m/n on input line 10.
LaTeX Font Info:    ... okay on input line 10.
LaTeX Font Info:    Checking defaults for U/cmr/m/n on input line 10.
LaTeX Font Info:    ... okay on input line 10.
LaTeX Font Info:    Checking defaults for PD1/pdf/m/n on input line 10.
LaTeX Font Info:    ... okay on input line 10.
LaTeX Font Info:    Checking defaults for PU/pdf/m/n on input line 10.
LaTeX Font Info:    ... okay on input line 10.


Package todonotes Warning: The length marginparwidth is less than 2cm and will 
most likely cause issues with the appearance of inserted todonotes. The issue c
an be solved by adding a line like \setlength {\marginparwidth }{2cm} prior to 
loading the todonotes package. on input line 10.

Package hyperref Info: Link coloring ON on input line 10.
(./main.out) (./main.out)
\@outlinefile=\write6
\openout6 = `main.out'.


*geometry* driver: auto-detecting
*geometry* detected driver: xetex
*geometry* verbose mode - [ preamble ] result:
* driver: xetex
* paper: a4paper
* layout: <same size as paper>
* layoutoffset:(h,v)=(0.0pt,0.0pt)
* modes: 
* h-part:(L,W,R)=(85.35826pt, 426.79135pt, 85.35826pt)
* v-part:(T,H,B)=(99.58464pt, 631.65118pt, 113.81102pt)
* \paperwidth=597.50787pt
* \paperheight=845.04684pt
* \textwidth=426.79135pt
* \textheight=631.65118pt
* \oddsidemargin=13.08827pt
* \evensidemargin=13.08827pt
* \topmargin=-9.68535pt
* \headheight=12.0pt
* \headsep=25.0pt
* \topskip=12.0pt
* \footskip=30.0pt
* \marginparwidth=35.0pt
* \marginparsep=10.0pt
* \columnsep=10.0pt
* \skip\footins=10.8pt plus 4.0pt minus 2.0pt
* \hoffset=0.0pt
* \voffset=0.0pt
* \mag=1000
* \@twocolumnfalse
* \@twosidefalse
* \@mparswitchfalse
* \@reversemarginfalse
* (1in=72.27pt=25.4mm, 1cm=28.453pt)

Package pgfplots notification 'compat/show suggested version=true': document ha
s been generated with the most recent feature set (\pgfplotsset{compat=1.18}).

Package caption Info: Begin \AtBeginDocument code.
Package caption Info: End \AtBeginDocument code.
File: logo-fa.png Graphic file (type bmp)
<logo-fa.png>
LaTeX Font Info:    Font shape `TU/XBNiloofar(0)/m/n' will be
(Font)              scaled to size 26.62178pt on input line 33.
LaTeX Font Info:    Font shape `TU/XBNiloofar(0)/b/n' will be
(Font)              scaled to size 26.62178pt on input line 33.
LaTeX Font Info:    Font shape `TU/XBNiloofar(0)/m/n' will be
(Font)              scaled to size 18.48972pt on input line 33.
LaTeX Font Info:    Font shape `TU/XBNiloofar(0)/b/n' will be
(Font)              scaled to size 18.48972pt on input line 33.
LaTeX Font Info:    Font shape `TU/XBNiloofar(0)/m/n' will be
(Font)              scaled to size 15.4081pt on input line 33.


[1

]
File: besm.png Graphic file (type bmp)
<besm.png>


[2] (./thanks.tex)

[3]
LaTeX Font Info:    Font shape `TU/XBNiloofar(0)/b/n' will be
(Font)              scaled to size 15.4081pt on input line 47.
LaTeX Font Info:    Font shape `TU/XBNiloofar(0)/m/n' will be
(Font)              scaled to size 11.71657pt on input line 47.
 (./abstract_fa.tex
LaTeX Font Info:    Font shape `TU/XBNiloofar(1)/m/n' will be
(Font)              scaled to size 12.60004pt on input line 2.
Package hyperref Info: bookmark level for unknown todo defaults to 0 on input l
ine 12.
LaTeX Font Info:    Font shape `TU/XBNiloofar(0)/m/n' will be
(Font)              scaled to size 6.42004pt on input line 12.

Overfull \hbox (35.63187pt too wide) in paragraph at lines 12--12
[][][][][][][][] []
 []


Overfull \hbox (35.63187pt too wide) in paragraph at lines 12--12
[][][][][][][][] []
 []

LaTeX Font Info:    Font shape `TU/XBNiloofar(0)/b/n' will be
(Font)              scaled to size 12.84009pt on input line 13.
LaTeX Font Info:    Font shape `TU/XBNiloofar(0)/m/it' will be
(Font)              scaled to size 12.84009pt on input line 13.
)

[4] (./main.toc
LaTeX Font Info:    Font shape `TU/Yas(0)/m/n' will be
(Font)              scaled to size 12.60004pt on input line 1.
LaTeX Font Info:    Font shape `TU/Yas(0)/m/n' will be
(Font)              scaled to size 8.40002pt on input line 1.
LaTeX Font Info:    Font shape `TU/Yas(0)/m/n' will be
(Font)              scaled to size 6.30002pt on input line 1.
LaTeX Font Info:    Font shape `TU/Yas(0)/bx/n' in size <12> not available
(Font)              Font shape `TU/Yas(0)/b/n' tried instead on input line 1.
LaTeX Font Info:    Font shape `TU/Yas(0)/b/n' will be
(Font)              scaled to size 12.60004pt on input line 1.
LaTeX Font Info:    Font shape `TU/Yas(0)/bx/n' in size <8> not available
(Font)              Font shape `TU/Yas(0)/b/n' tried instead on input line 1.
LaTeX Font Info:    Font shape `TU/Yas(0)/b/n' will be
(Font)              scaled to size 8.40002pt on input line 1.
LaTeX Font Info:    Font shape `TU/Yas(0)/bx/n' in size <6> not available
(Font)              Font shape `TU/Yas(0)/b/n' tried instead on input line 1.
LaTeX Font Info:    Font shape `TU/Yas(0)/b/n' will be
(Font)              scaled to size 6.30002pt on input line 1.
LaTeX Font Info:    Font shape `TU/Yas(0)/m/it' will be
(Font)              scaled to size 12.60004pt on input line 1.
LaTeX Font Info:    Font shape `TU/Yas(0)/m/it' will be
(Font)              scaled to size 8.40002pt on input line 1.
LaTeX Font Info:    Font shape `TU/Yas(0)/m/it' will be
(Font)              scaled to size 6.30002pt on input line 1.

Overfull \hbox (1.58366pt too wide) detected at line 1
 [][][]\TU/XBNiloofar(0)/m/n/12 [][][]
 []



[5

]

[6])
\tf@toc=\write7
\openout7 = `main.toc'.



[7] (./main.lof
Overfull \hbox (1.57367pt too wide) in paragraph at lines 13--13
 [][][] [][][][][][][]\TU/XBNiloofar(0)/m/n/12       
    []\TU/XBNiloofar(1)/m/n/12 Aer Simulator[][][][][][]
 
 []


Overfull \hbox (10.07312pt too wide) in paragraph at lines 14--14
 [][][] [][][][][][][]\TU/XBNiloofar(0)/m/n/12       
   []\TU/XBNiloofar(1)/m/n/12 Aer Simulator[][][][][][] 
 []


Overfull \hbox (13.34314pt too wide) in paragraph at lines 15--15
 [][][] [][][][][][][]\TU/XBNiloofar(0)/m/n/12       
    []\TU/XBNiloofar(1)/m/n/12 Qasm Simulator[][][][][][
] 
 []



[8

]
Overfull \hbox (14.03836pt too wide) in paragraph at lines 23--23
 [][][] [][][][][][][]\TU/XBNiloofar(0)/m/n/12       
    []\TU/XBNiloofar(1)/m/n/12 QSim Simulator[][][][][][
] 
 []

)
\tf@lof=\write8
\openout8 = `main.lof'.



[9]

[10]
\openout2 = `introduction.aux'.

 (./introduction.tex)

[1

]
\openout2 = `chapter_1.aux'.

 (./chapter_1.tex
 1.


[2




]

[3]
LaTeX Font Info:    Font shape `TU/XBNiloofar(0)/m/n' will be
(Font)              scaled to size 8.56006pt on input line 22.
LaTeX Font Info:    Font shape `TU/XBNiloofar(0)/m/n' will be
(Font)              scaled to size 10.70007pt on input line 22.
LaTeX Font Info:    Font shape `TU/XBNiloofar(1)/m/n' will be
(Font)              scaled to size 10.50003pt on input line 22.
LaTeX Font Info:    Font shape `TU/Yas(0)/m/n' will be
(Font)              scaled to size 10.50003pt on input line 22.
LaTeX Font Info:    Font shape `TU/Yas(0)/m/n' will be
(Font)              scaled to size 7.35002pt on input line 22.
LaTeX Font Info:    Font shape `TU/Yas(0)/m/n' will be
(Font)              scaled to size 5.25002pt on input line 22.
LaTeX Font Info:    Font shape `TU/Yas(0)/bx/n' in size <10> not available
(Font)              Font shape `TU/Yas(0)/b/n' tried instead on input line 22.
LaTeX Font Info:    Font shape `TU/Yas(0)/b/n' will be
(Font)              scaled to size 10.50003pt on input line 22.
LaTeX Font Info:    Font shape `TU/Yas(0)/bx/n' in size <7> not available
(Font)              Font shape `TU/Yas(0)/b/n' tried instead on input line 22.
LaTeX Font Info:    Font shape `TU/Yas(0)/b/n' will be
(Font)              scaled to size 7.35002pt on input line 22.
LaTeX Font Info:    Font shape `TU/Yas(0)/bx/n' in size <5> not available
(Font)              Font shape `TU/Yas(0)/b/n' tried instead on input line 22.
LaTeX Font Info:    Font shape `TU/Yas(0)/b/n' will be
(Font)              scaled to size 5.25002pt on input line 22.
LaTeX Font Info:    Font shape `TU/Yas(0)/m/it' will be
(Font)              scaled to size 10.50003pt on input line 22.
LaTeX Font Info:    Font shape `TU/Yas(0)/m/it' will be
(Font)              scaled to size 7.35002pt on input line 22.
LaTeX Font Info:    Font shape `TU/Yas(0)/m/it' will be
(Font)              scaled to size 5.25002pt on input line 22.
LaTeX Font Info:    Font shape `TU/XBNiloofar(1)/m/n' will be
(Font)              scaled to size 7.35002pt on input line 22.


[4]
Overfull \hbox (9.51501pt too wide) in paragraph at lines 25--34
[]\TU/XBNiloofar(0)/m/n/12     []\TU/XBNiloofar(1)/m/n/12 Quantum
 Simulator Benchmark (QSB)[] \TU/XBNiloofar(0)/m/n/12    
[]
 []



[5] (./images/Cirq_cirq_pure_runtime.tex

Package pgfplots Warning: Ignoring illegal input argument ymin=0: cannot apply 
log. on input line 56.

 [warning /pgfplots/warning/illegal user argument in log axis]
Package pgfplots info on input line 56: Using 'lua backend=false' for axis: ymo
de=log unsupported (yet).
)
Overfull \hbox (10.9582pt too wide) in paragraph at lines 3--48
 [][][][][][] 
 []

)

[6]

[7]
\openout2 = `chapter_2.aux'.

 (./chapter_2.tex
 2.


[8




]

[9]

[10]
Overfull \hbox (12.52193pt too wide) in paragraph at lines 47--48
[]\TU/XBNiloofar(0)/m/n/12          
     []
 []



[11]

[12]

[13]

[14]

[15]
LaTeX Font Info:    Font shape `TU/XBNiloofar(1)/b/n' will be
(Font)              scaled to size 12.60004pt on input line 107.

Overfull \hbox (7.74094pt too wide) in paragraph at lines 110--111
[]\TU/XBNiloofar(0)/m/n/12          
.   []\TU/XBNiloofar(1)/m/n/12 Syndrome[] \TU/XBNiloofar(0)/
m/n/12 []
 []



[16]

[17]

[18]

[19]
LaTeX Font Info:    Font shape `TU/XBNiloofar(1)/b/n' will be
(Font)              scaled to size 15.12003pt on input line 153.


[20]

[21]
Overfull \hbox (7.30391pt too wide) in paragraph at lines 175--176
[]\TU/XBNiloofar(0)/m/n/12    []\TU/XBNiloofar(1)/m/n/12 Schr
dinger[]\TU/XBNiloofar(0)/m/n/12          
 []
 []


Overfull \hbox (14.12483pt too wide) in paragraph at lines 178--179
[]\TU/XBNiloofar(0)/m/n/12        
   Heisenberg   []
 []



[22]
Overfull \hbox (7.84483pt too wide) in paragraph at lines 191--192
[]\TU/XBNiloofar(0)/m/n/12       ( 
    []
 []



[23]
Overfull \hbox (11.74507pt too wide) in paragraph at lines 197--202
[] []\TU/XBNiloofar(0)/b/n/12  :[] \TU/XBNiloofar(0)/m/n/12  
       []\TU/XBNiloofar(1)/m/n/12 Fidelity[] \
TU/XBNiloofar(0)/m/n/12  []
 []



[24]

[25]

[26]
Overfull \hbox (13.27988pt too wide) in paragraph at lines 226--226
[][][]\TU/XBNiloofar(0)/b/n/14.4       
    []
 []



[27]
Overfull \hbox (1.6636pt too wide) in paragraph at lines 243--243
[][][]\TU/XBNiloofar(0)/b/n/14.4       
    []
 []



[28]

[29]

[30])

[31]
\openout2 = `chapter_3.aux'.

 (./chapter_3.tex
 3.
LaTeX Font Info:    Font shape `TU/Yas(0)/b/n' will be
(Font)              scaled to size 15.12003pt on input line 5.

Package hyperref Warning: Token not allowed in a PDF string (Unicode):
(hyperref)                removing `\@ifnextchar' on input line 5.


Package hyperref Warning: Token not allowed in a PDF string (Unicode):
(hyperref)                removing `subscript' on input line 5.


Package hyperref Warning: Token not allowed in a PDF string (Unicode):
(hyperref)                removing `subscript' on input line 5.



[32




]

[33]
Overfull \hbox (1.71999pt too wide) in paragraph at lines 32--37
[][]\TU/XBNiloofar(0)/m/n/12         [[][
][][][][]\TU/Yas(0)/m/n/12 [][][][][][]\TU/XBNiloofar(0)/m/n/12 ]  
    []
 []



[34]
Overfull \hbox (15.95207pt too wide) in paragraph at lines 48--51
[]\TU/XBNiloofar(0)/m/n/12    (RQC)    
 (QFT) .    []
 []


Overfull \hbox (18.51634pt too wide) in paragraph at lines 56--59
[]\TU/XBNiloofar(0)/m/n/12         
      . []
 []


Package hyperref Warning: Token not allowed in a PDF string (Unicode):
(hyperref)                removing `\@ifnextchar' on input line 60.


Package hyperref Warning: Token not allowed in a PDF string (Unicode):
(hyperref)                removing `subscript' on input line 60.


Package hyperref Warning: Token not allowed in a PDF string (Unicode):
(hyperref)                removing `subscript' on input line 60.



[35]

Package hyperref Warning: Token not allowed in a PDF string (Unicode):
(hyperref)                removing `\@ifnextchar' on input line 75.


Package hyperref Warning: Token not allowed in a PDF string (Unicode):
(hyperref)                removing `subscript' on input line 75.


Package hyperref Warning: Token not allowed in a PDF string (Unicode):
(hyperref)                removing `subscript' on input line 75.



[36]

[37]

[38]
Overfull \hbox (2.70863pt too wide) in paragraph at lines 120--124
[]\TU/XBNiloofar(0)/m/n/12          
  .   []
 []



[39]

[40] <xymatrix 7x5 1482>

[41]
Overfull \hbox (3.48114pt too wide) in paragraph at lines 171--176
[]\TU/XBNiloofar(0)/m/n/12  []\TU/XBNiloofar(1)/m/n/12 Bernstein-Vazira
ni[] \TU/XBNiloofar(0)/m/n/12        
  []
 []



[42] <xymatrix 7x5 1482>

[43] <xymatrix 7x8 2120>

LaTeX Warning: `h' float specifier changed to `ht'.



[44]

[45] <xymatrix 26x5 4328>

LaTeX Warning: `h' float specifier changed to `ht'.



[46]

[47] <xymatrix 11x6 2381>

[48]

[49] <xymatrix 13x5 2489>

[50]

[51])

[52]
\openout2 = `chapter_4.aux'.

 (./chapter_4.tex
 4.


[53




]
File: images/backend_simulator_relation.pdf Graphic file (type pdf)
<use images/backend_simulator_relation.pdf>

Overfull \hbox (15.74086pt too wide) in paragraph at lines 21--24
 [][][][][][] 
 []



[54]

[55]
Overfull \hbox (1.49663pt too wide) in paragraph at lines 45--50
[]\TU/XBNiloofar(0)/m/n/12 .      [][][][][][]
\TU/Yas(0)/m/n/12 \TU/XBNiloofar(0)/m/n/12 .\TU/Yas(0)/m/n/12 [][][][][][] \
TU/XBNiloofar(0)/m/n/12  [][][][][][]\TU/Yas(0)/m/n/12 \TU/XBNiloofar(0)/m/n/
12 .\TU/Yas(0)/m/n/12 [][][][][][] \TU/XBNiloofar(0)/m/n/12    
   []
 []

(./images/Qiskit_aer_aer_simulator_runtime.tex

Package pgfplots Warning: Ignoring illegal input argument ymin=0: cannot apply 
log. on input line 56.

 [warning /pgfplots/warning/illegal user argument in log axis]
Package pgfplots info on input line 56: Using 'lua backend=false' for axis: ymo
de=log unsupported (yet).
)
Overfull \hbox (10.9582pt too wide) in paragraph at lines 3--83
 [][][][][][] 
 []

(./images/Qiskit_aer_aer_simulator_memory_usage.tex

Package pgfplots Warning: Ignoring illegal input argument ymin=0: cannot apply 
log. on input line 55.

 [warning /pgfplots/warning/illegal user argument in log axis]
Package pgfplots info on input line 55: Using 'lua backend=false' for axis: ymo
de=log unsupported (yet).
)
Overfull \hbox (16.88121pt too wide) in paragraph at lines 3--91
 [][][][][][] 
 []



[56]

[57] (./images/Qiskit_aer_qasm_simulator_runtime.tex

Package pgfplots Warning: Ignoring illegal input argument ymin=0: cannot apply 
log. on input line 56.

 [warning /pgfplots/warning/illegal user argument in log axis]
Package pgfplots info on input line 56: Using 'lua backend=false' for axis: ymo
de=log unsupported (yet).
)
Overfull \hbox (10.9582pt too wide) in paragraph at lines 3--112
 [][][][][][] 
 []

(./images/Qiskit_aer_qasm_simulator_memory_usage.tex

Package pgfplots Warning: Ignoring illegal input argument ymin=0: cannot apply 
log. on input line 55.

 [warning /pgfplots/warning/illegal user argument in log axis]
Package pgfplots info on input line 55: Using 'lua backend=false' for axis: ymo
de=log unsupported (yet).
)
Overfull \hbox (16.88121pt too wide) in paragraph at lines 3--120
 [][][][][][] 
 []



[58]

[59]

[60] (./images/Qiskit_ddsim_qasm_simulator_runtime.tex

Package pgfplots Warning: Ignoring illegal input argument ymin=0: cannot apply 
log. on input line 55.

 [warning /pgfplots/warning/illegal user argument in log axis]
Package pgfplots info on input line 55: Using 'lua backend=false' for axis: ymo
de=log unsupported (yet).
)
Overfull \hbox (10.9582pt too wide) in paragraph at lines 3--168
 [][][][][][] 
 []

(./images/Qiskit_ddsim_qasm_simulator_memory_usage.tex

Package pgfplots Warning: Ignoring illegal input argument ymin=0: cannot apply 
log. on input line 54.

 [warning /pgfplots/warning/illegal user argument in log axis]
Package pgfplots info on input line 54: Using 'lua backend=false' for axis: ymo
de=log unsupported (yet).
)
Overfull \hbox (16.88121pt too wide) in paragraph at lines 3--176
 [][][][][][] 
 []


LaTeX Warning: `!h' float specifier changed to `!ht'.



[61]

[62] (./images/Qiskit_ddsim_hybrid_qasm_simulator_runtime.tex

Package pgfplots Warning: Ignoring illegal input argument ymin=0: cannot apply 
log. on input line 55.

 [warning /pgfplots/warning/illegal user argument in log axis]
Package pgfplots info on input line 55: Using 'lua backend=false' for axis: ymo
de=log unsupported (yet).
)
Overfull \hbox (10.9582pt too wide) in paragraph at lines 3--222
 [][][][][][] 
 []

(./images/Qiskit_ddsim_hybrid_qasm_simulator_memory_usage.tex

Package pgfplots Warning: Ignoring illegal input argument ymin=0: cannot apply 
log. on input line 54.

 [warning /pgfplots/warning/illegal user argument in log axis]
Package pgfplots info on input line 54: Using 'lua backend=false' for axis: ymo
de=log unsupported (yet).
)
Overfull \hbox (16.88121pt too wide) in paragraph at lines 3--230
 [][][][][][] 
 []


Overfull \hbox (5.53252pt too wide) in paragraph at lines 237--249
[][]\TU/XBNiloofar(1)/m/n/12 Ware Forge[]\TU/XBNiloofar(0)/m/n/12  []\TU/XBNil
oofar(1)/m/n/12 Xanadu Pennylane[] \TU/XBNiloofar(0)/m/n/12  []\TU/XBNiloofar(
1)/m/n/12 Zapata Orquestra[] \TU/XBNiloofar(0)/m/n/12    
  []
 []



[63]

[64]

[65] (./images/Cirq_cirq_pure_runtime.tex

Package pgfplots Warning: Ignoring illegal input argument ymin=0: cannot apply 
log. on input line 56.

 [warning /pgfplots/warning/illegal user argument in log axis]
Package pgfplots info on input line 56: Using 'lua backend=false' for axis: ymo
de=log unsupported (yet).
)
Overfull \hbox (10.9582pt too wide) in paragraph at lines 3--269
 [][][][][][] 
 []

(./images/Cirq_cirq_pure_memory_usage.tex

Package pgfplots Warning: Ignoring illegal input argument ymin=0: cannot apply 
log. on input line 55.

 [warning /pgfplots/warning/illegal user argument in log axis]
Package pgfplots info on input line 55: Using 'lua backend=false' for axis: ymo
de=log unsupported (yet).
)
Overfull \hbox (16.88121pt too wide) in paragraph at lines 3--277
 [][][][][][] 
 []



[66]

[67] (./images/Cirq_qsimcirq_QSimSimulator_runtime.tex

Package pgfplots Warning: Ignoring illegal input argument ymin=0: cannot apply 
log. on input line 56.

 [warning /pgfplots/warning/illegal user argument in log axis]
Package pgfplots info on input line 56: Using 'lua backend=false' for axis: ymo
de=log unsupported (yet).
PGFPlots: reading {images/data/runtime/cirq_qsim/deutsch_jozsa_balanced.dat}
PGFPlots: reading {images/data/runtime/cirq_qsim/deutsch_jozsa_constant.dat}
)
Overfull \hbox (10.9582pt too wide) in paragraph at lines 3--322
 [][][][][][] 
 []

(./images/Cirq_qsimcirq_QSimSimulator_memory_usage.tex

Package pgfplots Warning: Ignoring illegal input argument ymin=0: cannot apply 
log. on input line 55.

 [warning /pgfplots/warning/illegal user argument in log axis]
Package pgfplots info on input line 55: Using 'lua backend=false' for axis: ymo
de=log unsupported (yet).
)
Overfull \hbox (16.88121pt too wide) in paragraph at lines 3--330
 [][][][][][] 
 []



[68]

[69]

[70]
Overfull \hbox (35.63187pt too wide) in paragraph at lines 398--398
[][][][][][][][] []
 []


Overfull \hbox (35.63187pt too wide) in paragraph at lines 398--398
[][][][][][][][] []
 []

(./images/runtime/bernstein_vazirani.tex

Package pgfplots Warning: Ignoring illegal input argument ymin=0: cannot apply 
log. on input line 60.

 [warning /pgfplots/warning/illegal user argument in log axis]
Package pgfplots info on input line 60: Using 'lua backend=false' for axis: ymo
de=log unsupported (yet).
PGFPlots: reading {images/data/runtime/aer_aer/bernstein_vazirani.dat}
PGFPlots: reading {images/data/runtime/aer_qasm/bernstein_vazirani.dat}
PGFPlots: reading {images/data/runtime/cirq_pure/bernstein_vazirani.dat}
PGFPlots: reading {images/data/runtime/cirq_qsim/bernstein_vazirani.dat}
PGFPlots: reading {images/data/runtime/ddsim_qasm/bernstein_vazirani.dat}
PGFPlots: reading {images/data/runtime/ddsim_hybrid/bernstein_vazirani.dat}
LaTeX Font Info:    Font shape `TU/XBNiloofar(1)/m/n' will be
(Font)              scaled to size 6.30002pt on input line 97.
)
Overfull \hbox (19.3517pt too wide) in paragraph at lines 3--406
 [][][][][][] 
 []

(./images/runtime/dj_constant.tex

Package pgfplots Warning: Ignoring illegal input argument ymin=0: cannot apply 
log. on input line 60.

 [warning /pgfplots/warning/illegal user argument in log axis]
Package pgfplots info on input line 60: Using 'lua backend=false' for axis: ymo
de=log unsupported (yet).
PGFPlots: reading {images/data/runtime/aer_aer/deutsch_jozsa_constant.dat}
PGFPlots: reading {images/data/runtime/aer_qasm/deutsch_jozsa_constant.dat}
PGFPlots: reading {images/data/runtime/cirq_pure/deutsch_jozsa_constant.dat}
PGFPlots: reading {images/data/runtime/cirq_qsim/deutsch_jozsa_constant.dat}
PGFPlots: reading {images/data/runtime/ddsim_qasm/deutsch_jozsa_constant.dat}
PGFPlots: reading {images/data/runtime/ddsim_hybrid/deutsch_jozsa_constant.dat}

)
Overfull \hbox (19.3517pt too wide) in paragraph at lines 3--412
 [][][][][][] 
 []

(./images/runtime/dj_balanced.tex

Package pgfplots Warning: Ignoring illegal input argument ymin=0: cannot apply 
log. on input line 59.

 [warning /pgfplots/warning/illegal user argument in log axis]
Package pgfplots info on input line 59: Using 'lua backend=false' for axis: ymo
de=log unsupported (yet).
PGFPlots: reading {images/data/runtime/aer_aer/deutsch_jozsa_balanced.dat}
PGFPlots: reading {images/data/runtime/aer_qasm/deutsch_jozsa_balanced.dat}
PGFPlots: reading {images/data/runtime/cirq_pure/deutsch_jozsa_balanced.dat}
PGFPlots: reading {images/data/runtime/cirq_qsim/deutsch_jozsa_balanced.dat}
PGFPlots: reading {images/data/runtime/ddsim_qasm/deutsch_jozsa_balanced.dat}
PGFPlots: reading {images/data/runtime/ddsim_hybrid/deutsch_jozsa_balanced.dat}

)
Overfull \hbox (53.63771pt too wide) in paragraph at lines 3--418
 [][][][][][] 
 []

(./images/runtime/grover.tex

Package pgfplots Warning: Ignoring illegal input argument ymin=0: cannot apply 
log. on input line 60.

 [warning /pgfplots/warning/illegal user argument in log axis]
Package pgfplots info on input line 60: Using 'lua backend=false' for axis: ymo
de=log unsupported (yet).
PGFPlots: reading {images/data/runtime/aer_aer/grover.dat}
PGFPlots: reading {images/data/runtime/aer_qasm/grover.dat}
PGFPlots: reading {images/data/runtime/cirq_pure/grover.dat}
PGFPlots: reading {images/data/runtime/cirq_qsim/grover.dat}
PGFPlots: reading {images/data/runtime/ddsim_qasm/grover.dat}
PGFPlots: reading {images/data/runtime/ddsim_hybrid/grover.dat}
)
Overfull \hbox (19.3517pt too wide) in paragraph at lines 3--426
 [][][][][][] 
 []

(./images/runtime/simon.tex

Package pgfplots Warning: Ignoring illegal input argument ymin=0: cannot apply 
log. on input line 60.

 [warning /pgfplots/warning/illegal user argument in log axis]
Package pgfplots info on input line 60: Using 'lua backend=false' for axis: ymo
de=log unsupported (yet).
PGFPlots: reading {images/data/runtime/aer_aer/simon.dat}
PGFPlots: reading {images/data/runtime/aer_qasm/simon.dat}
PGFPlots: reading {images/data/runtime/cirq_pure/simon.dat}
PGFPlots: reading {images/data/runtime/cirq_qsim/simon.dat}
PGFPlots: reading {images/data/runtime/ddsim_qasm/simon.dat}

Package pgfplots Warning: the current plot has no coordinates (or all have been
 filtered away) on input line 92.

 [warning /pgfplots/warning/plot without coordinates]
PGFPlots: reading {images/data/runtime/ddsim_hybrid/simon.dat}

Package pgfplots Warning: the current plot has no coordinates (or all have been
 filtered away) on input line 95.

 [warning /pgfplots/warning/plot without coordinates]
)
Overfull \hbox (19.3517pt too wide) in paragraph at lines 3--432
 [][][][][][] 
 []

(./images/runtime/qft.tex

Package pgfplots Warning: Ignoring illegal input argument ymin=0: cannot apply 
log. on input line 59.

 [warning /pgfplots/warning/illegal user argument in log axis]
Package pgfplots info on input line 59: Using 'lua backend=false' for axis: ymo
de=log unsupported (yet).
PGFPlots: reading {images/data/runtime/aer_aer/qft.dat}
PGFPlots: reading {images/data/runtime/aer_qasm/qft.dat}
PGFPlots: reading {images/data/runtime/cirq_pure/qft.dat}
PGFPlots: reading {images/data/runtime/cirq_qsim/qft.dat}
PGFPlots: reading {images/data/runtime/ddsim_qasm/qft.dat}
PGFPlots: reading {images/data/runtime/ddsim_hybrid/qft.dat}
)
Overfull \hbox (53.63771pt too wide) in paragraph at lines 3--438
 [][][][][][] 
 []

(./images/memory_usage/bernstein_vazirani.tex

Package pgfplots Warning: Ignoring illegal input argument ymin=0: cannot apply 
log. on input line 60.

 [warning /pgfplots/warning/illegal user argument in log axis]
Package pgfplots info on input line 60: Using 'lua backend=false' for axis: ymo
de=log unsupported (yet).
PGFPlots: reading {images/data/memory_usage/aer_aer/bernstein_vazirani.dat}
PGFPlots: reading {images/data/memory_usage/aer_qasm/bernstein_vazirani.dat}
PGFPlots: reading {images/data/memory_usage/cirq_pure/bernstein_vazirani.dat}
PGFPlots: reading {images/data/memory_usage/cirq_qsim/bernstein_vazirani.dat}
PGFPlots: reading {images/data/memory_usage/ddsim_qasm/bernstein_vazirani.dat}
PGFPlots: reading {images/data/memory_usage/ddsim_hybrid/bernstein_vazirani.dat
}
)
Overfull \hbox (19.3517pt too wide) in paragraph at lines 3--453
 [][][][][][] 
 []

(./images/memory_usage/dj_constant.tex

Package pgfplots Warning: Ignoring illegal input argument ymin=0: cannot apply 
log. on input line 60.

 [warning /pgfplots/warning/illegal user argument in log axis]
Package pgfplots info on input line 60: Using 'lua backend=false' for axis: ymo
de=log unsupported (yet).
PGFPlots: reading {images/data/memory_usage/aer_aer/deutsch_jozsa_constant.dat}

PGFPlots: reading {images/data/memory_usage/aer_qasm/deutsch_jozsa_constant.dat
}
PGFPlots: reading {images/data/memory_usage/cirq_pure/deutsch_jozsa_constant.da
t}
PGFPlots: reading {images/data/memory_usage/cirq_qsim/deutsch_jozsa_constant.da
t}
PGFPlots: reading {images/data/memory_usage/ddsim_qasm/deutsch_jozsa_constant.d
at}
PGFPlots: reading {images/data/memory_usage/ddsim_hybrid/deutsch_jozsa_constant
.dat}
)
Overfull \hbox (19.3517pt too wide) in paragraph at lines 3--459
 [][][][][][] 
 []

(./images/memory_usage/dj_balanced.tex

Package pgfplots Warning: Ignoring illegal input argument ymin=0: cannot apply 
log. on input line 58.

 [warning /pgfplots/warning/illegal user argument in log axis]
Package pgfplots info on input line 58: Using 'lua backend=false' for axis: ymo
de=log unsupported (yet).
PGFPlots: reading {images/data/memory_usage/aer_aer/deutsch_jozsa_balanced.dat}

PGFPlots: reading {images/data/memory_usage/aer_qasm/deutsch_jozsa_balanced.dat
}
PGFPlots: reading {images/data/memory_usage/cirq_pure/deutsch_jozsa_balanced.da
t}
PGFPlots: reading {images/data/memory_usage/cirq_qsim/deutsch_jozsa_balanced.da
t}
PGFPlots: reading {images/data/memory_usage/ddsim_qasm/deutsch_jozsa_balanced.d
at}
PGFPlots: reading {images/data/memory_usage/ddsim_hybrid/deutsch_jozsa_balanced
.dat}
)
Overfull \hbox (59.56071pt too wide) in paragraph at lines 3--465
 [][][][][][] 
 []

(./images/memory_usage/grover.tex

Package pgfplots Warning: Ignoring illegal input argument ymin=0: cannot apply 
log. on input line 60.

 [warning /pgfplots/warning/illegal user argument in log axis]
Package pgfplots info on input line 60: Using 'lua backend=false' for axis: ymo
de=log unsupported (yet).
PGFPlots: reading {images/data/memory_usage/aer_aer/grover.dat}
PGFPlots: reading {images/data/memory_usage/aer_qasm/grover.dat}
PGFPlots: reading {images/data/memory_usage/cirq_pure/grover.dat}
PGFPlots: reading {images/data/memory_usage/cirq_qsim/grover.dat}
PGFPlots: reading {images/data/memory_usage/ddsim_qasm/grover.dat}
PGFPlots: reading {images/data/memory_usage/ddsim_hybrid/grover.dat}
)
Overfull \hbox (19.3517pt too wide) in paragraph at lines 3--473
 [][][][][][] 
 []

(./images/memory_usage/simon.tex

Package pgfplots Warning: Ignoring illegal input argument ymin=0: cannot apply 
log. on input line 60.

 [warning /pgfplots/warning/illegal user argument in log axis]
Package pgfplots info on input line 60: Using 'lua backend=false' for axis: ymo
de=log unsupported (yet).
PGFPlots: reading {images/data/memory_usage/aer_aer/simon.dat}
PGFPlots: reading {images/data/memory_usage/aer_qasm/simon.dat}
PGFPlots: reading {images/data/memory_usage/cirq_pure/simon.dat}
PGFPlots: reading {images/data/memory_usage/cirq_qsim/simon.dat}
PGFPlots: reading {images/data/memory_usage/ddsim_qasm/simon.dat}

Package pgfplots Warning: the current plot has no coordinates (or all have been
 filtered away) on input line 92.

 [warning /pgfplots/warning/plot without coordinates]
PGFPlots: reading {images/data/memory_usage/ddsim_hybrid/simon.dat}

Package pgfplots Warning: the current plot has no coordinates (or all have been
 filtered away) on input line 95.

 [warning /pgfplots/warning/plot without coordinates]
)
Overfull \hbox (19.3517pt too wide) in paragraph at lines 3--479
 [][][][][][] 
 []

(./images/memory_usage/qft.tex

Package pgfplots Warning: Ignoring illegal input argument ymin=0: cannot apply 
log. on input line 58.

 [warning /pgfplots/warning/illegal user argument in log axis]
Package pgfplots info on input line 58: Using 'lua backend=false' for axis: ymo
de=log unsupported (yet).
PGFPlots: reading {images/data/memory_usage/aer_aer/qft.dat}
PGFPlots: reading {images/data/memory_usage/aer_qasm/qft.dat}
PGFPlots: reading {images/data/memory_usage/cirq_pure/qft.dat}
PGFPlots: reading {images/data/memory_usage/cirq_qsim/qft.dat}
PGFPlots: reading {images/data/memory_usage/ddsim_qasm/qft.dat}
PGFPlots: reading {images/data/memory_usage/ddsim_hybrid/qft.dat}
)
Overfull \hbox (59.56071pt too wide) in paragraph at lines 3--485
 [][][][][][] 
 []


Overfull \hbox (35.63187pt too wide) in paragraph at lines 497--497
[][][][][][][][] []
 []


Overfull \hbox (35.63187pt too wide) in paragraph at lines 497--497
[][][][][][][][] []
 []



[71]

[72]

[73])

[74] (./main.bbl
LaTeX Font Info:    Font shape `TU/XBNiloofar(1)/m/it' will be
(Font)              scaled to size 12.60004pt on input line 36.


[75



]

[76]

[77]

[78])

[79] (./abstract_en.tex
Overfull \hbox (35.63187pt too wide) in paragraph at lines 3--3
[][][][][][][][] []
 []


Overfull \hbox (35.63187pt too wide) in paragraph at lines 3--3
[][][][][][][][] []
 []

)

[80]
File: logo-en.png Graphic file (type bmp)
<logo-en.png>
LaTeX Font Info:    Font shape `TU/XBNiloofar(1)/m/n' will be
(Font)              scaled to size 26.12407pt on input line 126.
LaTeX Font Info:    Font shape `TU/XBNiloofar(1)/m/n' will be
(Font)              scaled to size 18.14404pt on input line 126.
LaTeX Font Info:    Font shape `TU/XBNiloofar(1)/m/n' will be
(Font)              scaled to size 15.12003pt on input line 126.


[81] (./main.aux (./introduction.aux) (./chapter_1.aux) (./chapter_2.aux)
(./chapter_3.aux) (./chapter_4.aux))
 ***********
LaTeX2e <2024-06-01> patch level 2
L3 programming layer <2024-08-16>
 ***********
Package rerunfilecheck Info: File `main.out' has not changed.
(rerunfilecheck)             Checksum: 25AAB0C4A91ECDB8F072981236292584;12605.
 ) 
Here is how much of TeX's memory you used:
 42989 strings out of 476191
 1000632 string characters out of 5786383
 2210089 words of memory out of 5000000
 64542 multiletter control sequences out of 15000+600000
 567283 words of font info for 159 fonts, out of 8000000 for 9000
 36 hyphenation exceptions out of 8191
 122i,22n,124p,1782b,2670s stack positions out of 10000i,1000n,20000p,200000b,200000s

Output written on main.pdf (91 pages).
